This is pdfTeX, Version 3.14159265-2.6-1.40.20 (TeX Live 2019/Termux) (preloaded format=latex 2019.9.28)  1 OCT 2019 18:41
entering extended mode
 restricted \write18 enabled.
 %&-line parsing enabled.
**QPSK.tex
(./QPSK.tex
LaTeX2e <2018-12-01>

(/data/data/com.termux/files/usr/share/texlive/texmf-dist/tex/latex/base/articl
e.cls
Document Class: article 2018/09/03 v1.4i Standard LaTeX document class

(/data/data/com.termux/files/usr/share/texlive/texmf-dist/tex/latex/base/size10
.clo
File: size10.clo 2018/09/03 v1.4i Standard LaTeX file (size option)
)
\c@part=\count80
\c@section=\count81
\c@subsection=\count82
\c@subsubsection=\count83
\c@paragraph=\count84
\c@subparagraph=\count85
\c@figure=\count86
\c@table=\count87
\abovecaptionskip=\skip41
\belowcaptionskip=\skip42
\bibindent=\dimen102
)
(/data/data/com.termux/files/usr/share/texlive/texmf-dist/tex/latex/base/inpute
nc.sty
Package: inputenc 2018/08/11 v1.3c Input encoding file
\inpenc@prehook=\toks14
\inpenc@posthook=\toks15
)
(/data/data/com.termux/files/usr/share/texlive/texmf-dist/tex/latex/pgf/fronten
dlayer/tikz.sty
(/data/data/com.termux/files/usr/share/texlive/texmf-dist/tex/latex/pgf/basicla
yer/pgf.sty
(/data/data/com.termux/files/usr/share/texlive/texmf-dist/tex/latex/pgf/utiliti
es/pgfrcs.sty
(/data/data/com.termux/files/usr/share/texlive/texmf-dist/tex/generic/pgf/utili
ties/pgfutil-common.tex
\pgfutil@everybye=\toks16
\pgfutil@tempdima=\dimen103
\pgfutil@tempdimb=\dimen104

(/data/data/com.termux/files/usr/share/texlive/texmf-dist/tex/generic/pgf/utili
ties/pgfutil-common-lists.tex))
(/data/data/com.termux/files/usr/share/texlive/texmf-dist/tex/generic/pgf/utili
ties/pgfutil-latex.def
\pgfutil@abb=\box27

(/data/data/com.termux/files/usr/share/texlive/texmf-dist/tex/latex/ms/everyshi
.sty
Package: everyshi 2001/05/15 v3.00 EveryShipout Package (MS)
))
(/data/data/com.termux/files/usr/share/texlive/texmf-dist/tex/generic/pgf/utili
ties/pgfrcs.code.tex
(/data/data/com.termux/files/usr/share/texlive/texmf-dist/tex/generic/pgf/pgf.r
evision.tex)
Package: pgfrcs 2019/02/02 v3.1.1 (3.1.1)
))
Package: pgf 2019/02/02 v3.1.1 (3.1.1)

(/data/data/com.termux/files/usr/share/texlive/texmf-dist/tex/latex/pgf/basicla
yer/pgfcore.sty
(/data/data/com.termux/files/usr/share/texlive/texmf-dist/tex/latex/graphics/gr
aphicx.sty
Package: graphicx 2017/06/01 v1.1a Enhanced LaTeX Graphics (DPC,SPQR)

(/data/data/com.termux/files/usr/share/texlive/texmf-dist/tex/latex/graphics/ke
yval.sty
Package: keyval 2014/10/28 v1.15 key=value parser (DPC)
\KV@toks@=\toks17
)
(/data/data/com.termux/files/usr/share/texlive/texmf-dist/tex/latex/graphics/gr
aphics.sty
Package: graphics 2017/06/25 v1.2c Standard LaTeX Graphics (DPC,SPQR)

(/data/data/com.termux/files/usr/share/texlive/texmf-dist/tex/latex/graphics/tr
ig.sty
Package: trig 2016/01/03 v1.10 sin cos tan (DPC)
)
(/data/data/com.termux/files/usr/share/texlive/texmf-dist/tex/latex/graphics-cf
g/graphics.cfg
File: graphics.cfg 2016/06/04 v1.11 sample graphics configuration
)
Package graphics Info: Driver file: dvips.def on input line 99.

(/data/data/com.termux/files/usr/share/texlive/texmf-dist/tex/latex/graphics-de
f/dvips.def
File: dvips.def 2017/06/20 v3.1d Graphics/color driver for dvips
))
\Gin@req@height=\dimen105
\Gin@req@width=\dimen106
)
(/data/data/com.termux/files/usr/share/texlive/texmf-dist/tex/latex/pgf/systeml
ayer/pgfsys.sty
(/data/data/com.termux/files/usr/share/texlive/texmf-dist/tex/generic/pgf/syste
mlayer/pgfsys.code.tex
Package: pgfsys 2019/02/02 v3.1.1 (3.1.1)

(/data/data/com.termux/files/usr/share/texlive/texmf-dist/tex/generic/pgf/utili
ties/pgfkeys.code.tex
\pgfkeys@pathtoks=\toks18
\pgfkeys@temptoks=\toks19

(/data/data/com.termux/files/usr/share/texlive/texmf-dist/tex/generic/pgf/utili
ties/pgfkeysfiltered.code.tex
\pgfkeys@tmptoks=\toks20
))
\pgf@x=\dimen107
\pgf@y=\dimen108
\pgf@xa=\dimen109
\pgf@ya=\dimen110
\pgf@xb=\dimen111
\pgf@yb=\dimen112
\pgf@xc=\dimen113
\pgf@yc=\dimen114
\w@pgf@writea=\write3
\r@pgf@reada=\read1
\c@pgf@counta=\count88
\c@pgf@countb=\count89
\c@pgf@countc=\count90
\c@pgf@countd=\count91
\t@pgf@toka=\toks21
\t@pgf@tokb=\toks22
\t@pgf@tokc=\toks23
\pgf@sys@id@count=\count92

(/data/data/com.termux/files/usr/share/texlive/texmf-dist/tex/generic/pgf/syste
mlayer/pgf.cfg
File: pgf.cfg 2019/02/02 v3.1.1 (3.1.1)
)
Driver file for pgf: pgfsys-dvips.def

(/data/data/com.termux/files/usr/share/texlive/texmf-dist/tex/generic/pgf/syste
mlayer/pgfsys-dvips.def
File: pgfsys-dvips.def 2019/02/02 v3.1.1 (3.1.1)

(/data/data/com.termux/files/usr/share/texlive/texmf-dist/tex/generic/pgf/syste
mlayer/pgfsys-common-postscript.def
File: pgfsys-common-postscript.def 2019/02/02 v3.1.1 (3.1.1)
\pgf@objectcount=\count93
)))
(/data/data/com.termux/files/usr/share/texlive/texmf-dist/tex/generic/pgf/syste
mlayer/pgfsyssoftpath.code.tex
File: pgfsyssoftpath.code.tex 2019/02/02 v3.1.1 (3.1.1)
\pgfsyssoftpath@smallbuffer@items=\count94
\pgfsyssoftpath@bigbuffer@items=\count95
)
(/data/data/com.termux/files/usr/share/texlive/texmf-dist/tex/generic/pgf/syste
mlayer/pgfsysprotocol.code.tex
File: pgfsysprotocol.code.tex 2019/02/02 v3.1.1 (3.1.1)
))
(/data/data/com.termux/files/usr/share/texlive/texmf-dist/tex/latex/xcolor/xcol
or.sty
Package: xcolor 2016/05/11 v2.12 LaTeX color extensions (UK)

(/data/data/com.termux/files/usr/share/texlive/texmf-dist/tex/latex/graphics-cf
g/color.cfg
File: color.cfg 2016/01/02 v1.6 sample color configuration
)
Package xcolor Info: Driver file: dvips.def on input line 225.
Package xcolor Info: Model `cmy' substituted by `cmy0' on input line 1348.
Package xcolor Info: Model `RGB' extended on input line 1364.
Package xcolor Info: Model `HTML' substituted by `rgb' on input line 1366.
Package xcolor Info: Model `Hsb' substituted by `hsb' on input line 1367.
Package xcolor Info: Model `tHsb' substituted by `hsb' on input line 1368.
Package xcolor Info: Model `HSB' substituted by `hsb' on input line 1369.
Package xcolor Info: Model `Gray' substituted by `gray' on input line 1370.
Package xcolor Info: Model `wave' substituted by `hsb' on input line 1371.
)
(/data/data/com.termux/files/usr/share/texlive/texmf-dist/tex/generic/pgf/basic
layer/pgfcore.code.tex
Package: pgfcore 2019/02/02 v3.1.1 (3.1.1)

(/data/data/com.termux/files/usr/share/texlive/texmf-dist/tex/generic/pgf/math/
pgfmath.code.tex
(/data/data/com.termux/files/usr/share/texlive/texmf-dist/tex/generic/pgf/math/
pgfmathcalc.code.tex
(/data/data/com.termux/files/usr/share/texlive/texmf-dist/tex/generic/pgf/math/
pgfmathutil.code.tex)
(/data/data/com.termux/files/usr/share/texlive/texmf-dist/tex/generic/pgf/math/
pgfmathparser.code.tex
\pgfmath@dimen=\dimen115
\pgfmath@count=\count96
\pgfmath@box=\box28
\pgfmath@toks=\toks24
\pgfmath@stack@operand=\toks25
\pgfmath@stack@operation=\toks26
)
(/data/data/com.termux/files/usr/share/texlive/texmf-dist/tex/generic/pgf/math/
pgfmathfunctions.code.tex
(/data/data/com.termux/files/usr/share/texlive/texmf-dist/tex/generic/pgf/math/
pgfmathfunctions.basic.code.tex)
(/data/data/com.termux/files/usr/share/texlive/texmf-dist/tex/generic/pgf/math/
pgfmathfunctions.trigonometric.code.tex)
(/data/data/com.termux/files/usr/share/texlive/texmf-dist/tex/generic/pgf/math/
pgfmathfunctions.random.code.tex)
(/data/data/com.termux/files/usr/share/texlive/texmf-dist/tex/generic/pgf/math/
pgfmathfunctions.comparison.code.tex)
(/data/data/com.termux/files/usr/share/texlive/texmf-dist/tex/generic/pgf/math/
pgfmathfunctions.base.code.tex)
(/data/data/com.termux/files/usr/share/texlive/texmf-dist/tex/generic/pgf/math/
pgfmathfunctions.round.code.tex)
(/data/data/com.termux/files/usr/share/texlive/texmf-dist/tex/generic/pgf/math/
pgfmathfunctions.misc.code.tex)
(/data/data/com.termux/files/usr/share/texlive/texmf-dist/tex/generic/pgf/math/
pgfmathfunctions.integerarithmetics.code.tex)))
(/data/data/com.termux/files/usr/share/texlive/texmf-dist/tex/generic/pgf/math/
pgfmathfloat.code.tex
\c@pgfmathroundto@lastzeros=\count97
))
(/data/data/com.termux/files/usr/share/texlive/texmf-dist/tex/generic/pgf/basic
layer/pgfcorepoints.code.tex
File: pgfcorepoints.code.tex 2019/02/02 v3.1.1 (3.1.1)
\pgf@picminx=\dimen116
\pgf@picmaxx=\dimen117
\pgf@picminy=\dimen118
\pgf@picmaxy=\dimen119
\pgf@pathminx=\dimen120
\pgf@pathmaxx=\dimen121
\pgf@pathminy=\dimen122
\pgf@pathmaxy=\dimen123
\pgf@xx=\dimen124
\pgf@xy=\dimen125
\pgf@yx=\dimen126
\pgf@yy=\dimen127
\pgf@zx=\dimen128
\pgf@zy=\dimen129
)
(/data/data/com.termux/files/usr/share/texlive/texmf-dist/tex/generic/pgf/basic
layer/pgfcorepathconstruct.code.tex
File: pgfcorepathconstruct.code.tex 2019/02/02 v3.1.1 (3.1.1)
\pgf@path@lastx=\dimen130
\pgf@path@lasty=\dimen131
)
(/data/data/com.termux/files/usr/share/texlive/texmf-dist/tex/generic/pgf/basic
layer/pgfcorepathusage.code.tex
File: pgfcorepathusage.code.tex 2019/02/02 v3.1.1 (3.1.1)
\pgf@shorten@end@additional=\dimen132
\pgf@shorten@start@additional=\dimen133
)
(/data/data/com.termux/files/usr/share/texlive/texmf-dist/tex/generic/pgf/basic
layer/pgfcorescopes.code.tex
File: pgfcorescopes.code.tex 2019/02/02 v3.1.1 (3.1.1)
\pgfpic=\box29
\pgf@hbox=\box30
\pgf@layerbox@main=\box31
\pgf@picture@serial@count=\count98
)
(/data/data/com.termux/files/usr/share/texlive/texmf-dist/tex/generic/pgf/basic
layer/pgfcoregraphicstate.code.tex
File: pgfcoregraphicstate.code.tex 2019/02/02 v3.1.1 (3.1.1)
\pgflinewidth=\dimen134
)
(/data/data/com.termux/files/usr/share/texlive/texmf-dist/tex/generic/pgf/basic
layer/pgfcoretransformations.code.tex
File: pgfcoretransformations.code.tex 2019/02/02 v3.1.1 (3.1.1)
\pgf@pt@x=\dimen135
\pgf@pt@y=\dimen136
\pgf@pt@temp=\dimen137
)
(/data/data/com.termux/files/usr/share/texlive/texmf-dist/tex/generic/pgf/basic
layer/pgfcorequick.code.tex
File: pgfcorequick.code.tex 2019/02/02 v3.1.1 (3.1.1)
)
(/data/data/com.termux/files/usr/share/texlive/texmf-dist/tex/generic/pgf/basic
layer/pgfcoreobjects.code.tex
File: pgfcoreobjects.code.tex 2019/02/02 v3.1.1 (3.1.1)
)
(/data/data/com.termux/files/usr/share/texlive/texmf-dist/tex/generic/pgf/basic
layer/pgfcorepathprocessing.code.tex
File: pgfcorepathprocessing.code.tex 2019/02/02 v3.1.1 (3.1.1)
)
(/data/data/com.termux/files/usr/share/texlive/texmf-dist/tex/generic/pgf/basic
layer/pgfcorearrows.code.tex
File: pgfcorearrows.code.tex 2019/02/02 v3.1.1 (3.1.1)
\pgfarrowsep=\dimen138
)
(/data/data/com.termux/files/usr/share/texlive/texmf-dist/tex/generic/pgf/basic
layer/pgfcoreshade.code.tex
File: pgfcoreshade.code.tex 2019/02/02 v3.1.1 (3.1.1)
\pgf@max=\dimen139
\pgf@sys@shading@range@num=\count99
)
(/data/data/com.termux/files/usr/share/texlive/texmf-dist/tex/generic/pgf/basic
layer/pgfcoreimage.code.tex
File: pgfcoreimage.code.tex 2019/02/02 v3.1.1 (3.1.1)

(/data/data/com.termux/files/usr/share/texlive/texmf-dist/tex/generic/pgf/basic
layer/pgfcoreexternal.code.tex
File: pgfcoreexternal.code.tex 2019/02/02 v3.1.1 (3.1.1)
\pgfexternal@startupbox=\box32
))
(/data/data/com.termux/files/usr/share/texlive/texmf-dist/tex/generic/pgf/basic
layer/pgfcorelayers.code.tex
File: pgfcorelayers.code.tex 2019/02/02 v3.1.1 (3.1.1)
)
(/data/data/com.termux/files/usr/share/texlive/texmf-dist/tex/generic/pgf/basic
layer/pgfcoretransparency.code.tex
File: pgfcoretransparency.code.tex 2019/02/02 v3.1.1 (3.1.1)
)
(/data/data/com.termux/files/usr/share/texlive/texmf-dist/tex/generic/pgf/basic
layer/pgfcorepatterns.code.tex
File: pgfcorepatterns.code.tex 2019/02/02 v3.1.1 (3.1.1)
)
(/data/data/com.termux/files/usr/share/texlive/texmf-dist/tex/generic/pgf/basic
layer/pgfcorerdf.code.tex
File: pgfcorerdf.code.tex 2019/02/02 v3.1.1 (3.1.1)
)))
(/data/data/com.termux/files/usr/share/texlive/texmf-dist/tex/generic/pgf/modul
es/pgfmoduleshapes.code.tex
File: pgfmoduleshapes.code.tex 2019/02/02 v3.1.1 (3.1.1)
\pgfnodeparttextbox=\box33
)
(/data/data/com.termux/files/usr/share/texlive/texmf-dist/tex/generic/pgf/modul
es/pgfmoduleplot.code.tex
File: pgfmoduleplot.code.tex 2019/02/02 v3.1.1 (3.1.1)
)
(/data/data/com.termux/files/usr/share/texlive/texmf-dist/tex/latex/pgf/compati
bility/pgfcomp-version-0-65.sty
Package: pgfcomp-version-0-65 2019/02/02 v3.1.1 (3.1.1)
\pgf@nodesepstart=\dimen140
\pgf@nodesepend=\dimen141
)
(/data/data/com.termux/files/usr/share/texlive/texmf-dist/tex/latex/pgf/compati
bility/pgfcomp-version-1-18.sty
Package: pgfcomp-version-1-18 2019/02/02 v3.1.1 (3.1.1)
))
(/data/data/com.termux/files/usr/share/texlive/texmf-dist/tex/latex/pgf/utiliti
es/pgffor.sty
(/data/data/com.termux/files/usr/share/texlive/texmf-dist/tex/latex/pgf/utiliti
es/pgfkeys.sty
(/data/data/com.termux/files/usr/share/texlive/texmf-dist/tex/generic/pgf/utili
ties/pgfkeys.code.tex))
(/data/data/com.termux/files/usr/share/texlive/texmf-dist/tex/latex/pgf/math/pg
fmath.sty
(/data/data/com.termux/files/usr/share/texlive/texmf-dist/tex/generic/pgf/math/
pgfmath.code.tex))
(/data/data/com.termux/files/usr/share/texlive/texmf-dist/tex/generic/pgf/utili
ties/pgffor.code.tex
Package: pgffor 2019/02/02 v3.1.1 (3.1.1)

(/data/data/com.termux/files/usr/share/texlive/texmf-dist/tex/generic/pgf/math/
pgfmath.code.tex)
\pgffor@iter=\dimen142
\pgffor@skip=\dimen143
\pgffor@stack=\toks27
\pgffor@toks=\toks28
))
(/data/data/com.termux/files/usr/share/texlive/texmf-dist/tex/generic/pgf/front
endlayer/tikz/tikz.code.tex
Package: tikz 2019/02/02 v3.1.1 (3.1.1)

(/data/data/com.termux/files/usr/share/texlive/texmf-dist/tex/generic/pgf/libra
ries/pgflibraryplothandlers.code.tex
File: pgflibraryplothandlers.code.tex 2019/02/02 v3.1.1 (3.1.1)
\pgf@plot@mark@count=\count100
\pgfplotmarksize=\dimen144
)
\tikz@lastx=\dimen145
\tikz@lasty=\dimen146
\tikz@lastxsaved=\dimen147
\tikz@lastysaved=\dimen148
\tikzleveldistance=\dimen149
\tikzsiblingdistance=\dimen150
\tikz@figbox=\box34
\tikz@figbox@bg=\box35
\tikz@tempbox=\box36
\tikz@tempbox@bg=\box37
\tikztreelevel=\count101
\tikznumberofchildren=\count102
\tikznumberofcurrentchild=\count103
\tikz@fig@count=\count104

(/data/data/com.termux/files/usr/share/texlive/texmf-dist/tex/generic/pgf/modul
es/pgfmodulematrix.code.tex
File: pgfmodulematrix.code.tex 2019/02/02 v3.1.1 (3.1.1)
\pgfmatrixcurrentrow=\count105
\pgfmatrixcurrentcolumn=\count106
\pgf@matrix@numberofcolumns=\count107
)
\tikz@expandcount=\count108

(/data/data/com.termux/files/usr/share/texlive/texmf-dist/tex/generic/pgf/front
endlayer/tikz/libraries/tikzlibrarytopaths.code.tex
File: tikzlibrarytopaths.code.tex 2019/02/02 v3.1.1 (3.1.1)
)))
(/data/data/com.termux/files/usr/share/texlive/texmf-dist/tex/latex/amsmath/ams
math.sty
Package: amsmath 2018/12/01 v2.17b AMS math features
\@mathmargin=\skip43

For additional information on amsmath, use the `?' option.

(/data/data/com.termux/files/usr/share/texlive/texmf-dist/tex/latex/amsmath/ams
text.sty
Package: amstext 2000/06/29 v2.01 AMS text

(/data/data/com.termux/files/usr/share/texlive/texmf-dist/tex/latex/amsmath/ams
gen.sty
File: amsgen.sty 1999/11/30 v2.0 generic functions
\@emptytoks=\toks29
\ex@=\dimen151
))
(/data/data/com.termux/files/usr/share/texlive/texmf-dist/tex/latex/amsmath/ams
bsy.sty
Package: amsbsy 1999/11/29 v1.2d Bold Symbols
\pmbraise@=\dimen152
)
(/data/data/com.termux/files/usr/share/texlive/texmf-dist/tex/latex/amsmath/ams
opn.sty
Package: amsopn 2016/03/08 v2.02 operator names
)
\inf@bad=\count109
LaTeX Info: Redefining \frac on input line 223.
\uproot@=\count110
\leftroot@=\count111
LaTeX Info: Redefining \overline on input line 385.
\classnum@=\count112
\DOTSCASE@=\count113
LaTeX Info: Redefining \ldots on input line 482.
LaTeX Info: Redefining \dots on input line 485.
LaTeX Info: Redefining \cdots on input line 606.
\Mathstrutbox@=\box38
\strutbox@=\box39
\big@size=\dimen153
LaTeX Font Info:    Redeclaring font encoding OML on input line 729.
LaTeX Font Info:    Redeclaring font encoding OMS on input line 730.
\macc@depth=\count114
\c@MaxMatrixCols=\count115
\dotsspace@=\muskip10
\c@parentequation=\count116
\dspbrk@lvl=\count117
\tag@help=\toks30
\row@=\count118
\column@=\count119
\maxfields@=\count120
\andhelp@=\toks31
\eqnshift@=\dimen154
\alignsep@=\dimen155
\tagshift@=\dimen156
\tagwidth@=\dimen157
\totwidth@=\dimen158
\lineht@=\dimen159
\@envbody=\toks32
\multlinegap=\skip44
\multlinetaggap=\skip45
\mathdisplay@stack=\toks33
LaTeX Info: Redefining \[ on input line 2844.
LaTeX Info: Redefining \] on input line 2845.
)
(/data/data/com.termux/files/usr/share/texlive/texmf-dist/tex/generic/pgf/front
endlayer/tikz/libraries/tikzlibrarypositioning.code.tex
File: tikzlibrarypositioning.code.tex 2019/02/02 v3.1.1 (3.1.1)
) (./QPSK.aux)
\openout1 = `QPSK.aux'.

LaTeX Font Info:    Checking defaults for OML/cmm/m/it on input line 7.
LaTeX Font Info:    ... okay on input line 7.
LaTeX Font Info:    Checking defaults for T1/cmr/m/n on input line 7.
LaTeX Font Info:    ... okay on input line 7.
LaTeX Font Info:    Checking defaults for OT1/cmr/m/n on input line 7.
LaTeX Font Info:    ... okay on input line 7.
LaTeX Font Info:    Checking defaults for OMS/cmsy/m/n on input line 7.
LaTeX Font Info:    ... okay on input line 7.
LaTeX Font Info:    Checking defaults for OMX/cmex/m/n on input line 7.
LaTeX Font Info:    ... okay on input line 7.
LaTeX Font Info:    Checking defaults for U/cmr/m/n on input line 7.
LaTeX Font Info:    ... okay on input line 7.

ABD: EveryShipout initializing macros [1] (./QPSK.aux) ) 
Here is how much of TeX's memory you used:
 11342 strings out of 492624
 236141 string characters out of 6119216
 275699 words of memory out of 5000000
 15084 multiletter control sequences out of 15000+600000
 3640 words of font info for 14 fonts, out of 8000000 for 9000
 1141 hyphenation exceptions out of 8191
 55i,6n,48p,405b,683s stack positions out of 5000i,500n,10000p,200000b,80000s

Output written on QPSK.dvi (1 page, 8604 bytes).
