This is pdfTeX, Version 3.14159265-2.6-1.40.20 (TeX Live 2019/Termux) (preloaded format=latex 2019.9.28)  1 OCT 2019 15:06
entering extended mode
 restricted \write18 enabled.
 %&-line parsing enabled.
**NCC_2020.tex
(./NCC_2020.tex
LaTeX2e <2018-12-01>

(/data/data/com.termux/files/usr/share/texlive/texmf-dist/tex/latex/IEEEtran/IE
EEtran.cls
Document Class: IEEEtran 2015/08/26 V1.8b by Michael Shell
-- See the "IEEEtran_HOWTO" manual for usage information.
-- http://www.michaelshell.org/tex/ieeetran/
\@IEEEtrantmpdimenA=\dimen102
\@IEEEtrantmpdimenB=\dimen103
\@IEEEtrantmpdimenC=\dimen104
\@IEEEtrantmpcountA=\count80
\@IEEEtrantmpcountB=\count81
\@IEEEtrantmpcountC=\count82
\@IEEEtrantmptoksA=\toks14
LaTeX Font Info:    Try loading font information for OT1+ptm on input line 503.


(/data/data/com.termux/files/usr/share/texlive/texmf-dist/tex/latex/psnfss/ot1p
tm.fd
File: ot1ptm.fd 2001/06/04 font definitions for OT1/ptm.
)
-- Using 8.5in x 11in (letter) paper.
-- Using DVI output.
\@IEEEnormalsizeunitybaselineskip=\dimen105
-- This is a 12 point document.
\CLASSINFOnormalsizebaselineskip=\dimen106
\CLASSINFOnormalsizeunitybaselineskip=\dimen107
\IEEEnormaljot=\dimen108
LaTeX Font Info:    Font shape `OT1/ptm/bx/n' in size <6> not available
(Font)              Font shape `OT1/ptm/b/n' tried instead on input line 1090.
LaTeX Font Info:    Font shape `OT1/ptm/bx/it' in size <6> not available
(Font)              Font shape `OT1/ptm/b/it' tried instead on input line 1090.

LaTeX Font Info:    Font shape `OT1/ptm/bx/n' in size <8> not available
(Font)              Font shape `OT1/ptm/b/n' tried instead on input line 1090.
LaTeX Font Info:    Font shape `OT1/ptm/bx/it' in size <8> not available
(Font)              Font shape `OT1/ptm/b/it' tried instead on input line 1090.

LaTeX Font Info:    Font shape `OT1/ptm/bx/n' in size <9> not available
(Font)              Font shape `OT1/ptm/b/n' tried instead on input line 1090.
LaTeX Font Info:    Font shape `OT1/ptm/bx/it' in size <9> not available
(Font)              Font shape `OT1/ptm/b/it' tried instead on input line 1090.

LaTeX Font Info:    Font shape `OT1/ptm/bx/n' in size <10> not available
(Font)              Font shape `OT1/ptm/b/n' tried instead on input line 1090.
LaTeX Font Info:    Font shape `OT1/ptm/bx/it' in size <10> not available
(Font)              Font shape `OT1/ptm/b/it' tried instead on input line 1090.

LaTeX Font Info:    Font shape `OT1/ptm/bx/n' in size <12> not available
(Font)              Font shape `OT1/ptm/b/n' tried instead on input line 1090.
LaTeX Font Info:    Font shape `OT1/ptm/bx/it' in size <12> not available
(Font)              Font shape `OT1/ptm/b/it' tried instead on input line 1090.

LaTeX Font Info:    Font shape `OT1/ptm/bx/n' in size <14> not available
(Font)              Font shape `OT1/ptm/b/n' tried instead on input line 1090.
LaTeX Font Info:    Font shape `OT1/ptm/bx/it' in size <14> not available
(Font)              Font shape `OT1/ptm/b/it' tried instead on input line 1090.

LaTeX Font Info:    Font shape `OT1/ptm/bx/n' in size <20> not available
(Font)              Font shape `OT1/ptm/b/n' tried instead on input line 1090.
LaTeX Font Info:    Font shape `OT1/ptm/bx/it' in size <20> not available
(Font)              Font shape `OT1/ptm/b/it' tried instead on input line 1090.

LaTeX Font Info:    Font shape `OT1/ptm/bx/n' in size <22> not available
(Font)              Font shape `OT1/ptm/b/n' tried instead on input line 1090.
LaTeX Font Info:    Font shape `OT1/ptm/bx/it' in size <22> not available
(Font)              Font shape `OT1/ptm/b/it' tried instead on input line 1090.

LaTeX Font Info:    Font shape `OT1/ptm/bx/n' in size <24> not available
(Font)              Font shape `OT1/ptm/b/n' tried instead on input line 1090.
LaTeX Font Info:    Font shape `OT1/ptm/bx/it' in size <24> not available
(Font)              Font shape `OT1/ptm/b/it' tried instead on input line 1090.

\IEEEquantizedlength=\dimen109
\IEEEquantizedlengthdiff=\dimen110
\IEEEquantizedtextheightdiff=\dimen111
\IEEEilabelindentA=\dimen112
\IEEEilabelindentB=\dimen113
\IEEEilabelindent=\dimen114
\IEEEelabelindent=\dimen115
\IEEEdlabelindent=\dimen116
\IEEElabelindent=\dimen117
\IEEEiednormlabelsep=\dimen118
\IEEEiedmathlabelsep=\dimen119
\IEEEiedtopsep=\skip41
\c@section=\count83
\c@subsection=\count84
\c@subsubsection=\count85
\c@paragraph=\count86
\c@IEEEsubequation=\count87
\abovecaptionskip=\skip42
\belowcaptionskip=\skip43
\c@figure=\count88
\c@table=\count89
\@IEEEeqnnumcols=\count90
\@IEEEeqncolcnt=\count91
\@IEEEsubeqnnumrollback=\count92
\@IEEEquantizeheightA=\dimen120
\@IEEEquantizeheightB=\dimen121
\@IEEEquantizeheightC=\dimen122
\@IEEEquantizeprevdepth=\dimen123
\@IEEEquantizemultiple=\count93
\@IEEEquantizeboxA=\box27
\@IEEEtmpitemindent=\dimen124
\IEEEPARstartletwidth=\dimen125
\c@IEEEbiography=\count94
\@IEEEtranrubishbin=\box28
)
(/data/data/com.termux/files/usr/share/texlive/texmf-dist/tex/latex/setspace/se
tspace.sty
Package: setspace 2011/12/19 v6.7a set line spacing
)
(/data/data/com.termux/files/usr/share/texlive/texmf-dist/tex/latex/was/gensymb
.sty
Package: gensymb 2003/07/02 v1.0 (WaS)
)
(/data/data/com.termux/files/usr/share/texlive/texmf-dist/tex/latex/xcolor/xcol
or.sty
Package: xcolor 2016/05/11 v2.12 LaTeX color extensions (UK)

(/data/data/com.termux/files/usr/share/texlive/texmf-dist/tex/latex/graphics-cf
g/color.cfg
File: color.cfg 2016/01/02 v1.6 sample color configuration
)
Package xcolor Info: Driver file: dvips.def on input line 225.

(/data/data/com.termux/files/usr/share/texlive/texmf-dist/tex/latex/graphics-de
f/dvips.def
File: dvips.def 2017/06/20 v3.1d Graphics/color driver for dvips
)
Package xcolor Info: Model `cmy' substituted by `cmy0' on input line 1348.
Package xcolor Info: Model `RGB' extended on input line 1364.
Package xcolor Info: Model `HTML' substituted by `rgb' on input line 1366.
Package xcolor Info: Model `Hsb' substituted by `hsb' on input line 1367.
Package xcolor Info: Model `tHsb' substituted by `hsb' on input line 1368.
Package xcolor Info: Model `HSB' substituted by `hsb' on input line 1369.
Package xcolor Info: Model `Gray' substituted by `gray' on input line 1370.
Package xcolor Info: Model `wave' substituted by `hsb' on input line 1371.
)
(/data/data/com.termux/files/usr/share/texlive/texmf-dist/tex/latex/caption/cap
tion.sty
Package: caption 2018/10/06 v3.3-154 Customizing captions (AR)

(/data/data/com.termux/files/usr/share/texlive/texmf-dist/tex/latex/caption/cap
tion3.sty
Package: caption3 2018/09/12 v1.8c caption3 kernel (AR)
Package caption3 Info: TeX engine: e-TeX on input line 64.

(/data/data/com.termux/files/usr/share/texlive/texmf-dist/tex/latex/graphics/ke
yval.sty
Package: keyval 2014/10/28 v1.15 key=value parser (DPC)
\KV@toks@=\toks15
)
\captionmargin=\dimen126
\captionmargin@=\dimen127
\captionwidth=\dimen128
\caption@tempdima=\dimen129
\caption@indent=\dimen130
\caption@parindent=\dimen131
\caption@hangindent=\dimen132
Package caption Info: Unknown document class (or package),
(caption)             standard defaults will be used.
)

Package caption Warning: Unsupported document class (or package) detected,
(caption)                usage of the caption package is not recommended.
See the caption package documentation for explanation.

Package caption Info: \@makecaption = \long macro:#1#2->\ifx \@captype \@IEEEta
blestring \footnotesize \bgroup \par \centering \@IEEEtabletopskipstrut {\norma
lfont \footnotesize #1}\\{\normalfont \footnotesize \scshape #2}\par \addvspace
 {0.5\baselineskip }\egroup \@IEEEtablecaptionsepspace \else \@IEEEfigurecaptio
nsepspace \setbox \@tempboxa \hbox {\normalfont \footnotesize {#1.}\nobreakspac
e \nobreakspace #2}\ifdim \wd \@tempboxa >\hsize \setbox \@tempboxa \hbox {\nor
malfont \footnotesize {#1.}\nobreakspace \nobreakspace }\parbox [t]{\hsize }{\n
ormalfont \footnotesize \noindent \unhbox \@tempboxa #2}\else \ifCLASSOPTIONcon
ference \hbox to\hsize {\normalfont \footnotesize \hfil \box \@tempboxa \hfil }
\else \hbox to\hsize {\normalfont \footnotesize \box \@tempboxa \hfil }\fi \fi 
\fi .
\c@caption@flags=\count95
\c@ContinuedFloat=\count96
)
(/data/data/com.termux/files/usr/share/texlive/texmf-dist/tex/latex/pgf/fronten
dlayer/tikz.sty
(/data/data/com.termux/files/usr/share/texlive/texmf-dist/tex/latex/pgf/basicla
yer/pgf.sty
(/data/data/com.termux/files/usr/share/texlive/texmf-dist/tex/latex/pgf/utiliti
es/pgfrcs.sty
(/data/data/com.termux/files/usr/share/texlive/texmf-dist/tex/generic/pgf/utili
ties/pgfutil-common.tex
\pgfutil@everybye=\toks16
\pgfutil@tempdima=\dimen133
\pgfutil@tempdimb=\dimen134

(/data/data/com.termux/files/usr/share/texlive/texmf-dist/tex/generic/pgf/utili
ties/pgfutil-common-lists.tex))
(/data/data/com.termux/files/usr/share/texlive/texmf-dist/tex/generic/pgf/utili
ties/pgfutil-latex.def
\pgfutil@abb=\box29

(/data/data/com.termux/files/usr/share/texlive/texmf-dist/tex/latex/ms/everyshi
.sty
Package: everyshi 2001/05/15 v3.00 EveryShipout Package (MS)
))
(/data/data/com.termux/files/usr/share/texlive/texmf-dist/tex/generic/pgf/utili
ties/pgfrcs.code.tex
(/data/data/com.termux/files/usr/share/texlive/texmf-dist/tex/generic/pgf/pgf.r
evision.tex)
Package: pgfrcs 2019/02/02 v3.1.1 (3.1.1)
))
Package: pgf 2019/02/02 v3.1.1 (3.1.1)

(/data/data/com.termux/files/usr/share/texlive/texmf-dist/tex/latex/pgf/basicla
yer/pgfcore.sty
(/data/data/com.termux/files/usr/share/texlive/texmf-dist/tex/latex/graphics/gr
aphicx.sty
Package: graphicx 2017/06/01 v1.1a Enhanced LaTeX Graphics (DPC,SPQR)

(/data/data/com.termux/files/usr/share/texlive/texmf-dist/tex/latex/graphics/gr
aphics.sty
Package: graphics 2017/06/25 v1.2c Standard LaTeX Graphics (DPC,SPQR)

(/data/data/com.termux/files/usr/share/texlive/texmf-dist/tex/latex/graphics/tr
ig.sty
Package: trig 2016/01/03 v1.10 sin cos tan (DPC)
)
(/data/data/com.termux/files/usr/share/texlive/texmf-dist/tex/latex/graphics-cf
g/graphics.cfg
File: graphics.cfg 2016/06/04 v1.11 sample graphics configuration
)
Package graphics Info: Driver file: dvips.def on input line 99.
)
\Gin@req@height=\dimen135
\Gin@req@width=\dimen136
)
(/data/data/com.termux/files/usr/share/texlive/texmf-dist/tex/latex/pgf/systeml
ayer/pgfsys.sty
(/data/data/com.termux/files/usr/share/texlive/texmf-dist/tex/generic/pgf/syste
mlayer/pgfsys.code.tex
Package: pgfsys 2019/02/02 v3.1.1 (3.1.1)

(/data/data/com.termux/files/usr/share/texlive/texmf-dist/tex/generic/pgf/utili
ties/pgfkeys.code.tex
\pgfkeys@pathtoks=\toks17
\pgfkeys@temptoks=\toks18

(/data/data/com.termux/files/usr/share/texlive/texmf-dist/tex/generic/pgf/utili
ties/pgfkeysfiltered.code.tex
\pgfkeys@tmptoks=\toks19
))
\pgf@x=\dimen137
\pgf@y=\dimen138
\pgf@xa=\dimen139
\pgf@ya=\dimen140
\pgf@xb=\dimen141
\pgf@yb=\dimen142
\pgf@xc=\dimen143
\pgf@yc=\dimen144
\w@pgf@writea=\write3
\r@pgf@reada=\read1
\c@pgf@counta=\count97
\c@pgf@countb=\count98
\c@pgf@countc=\count99
\c@pgf@countd=\count100
\t@pgf@toka=\toks20
\t@pgf@tokb=\toks21
\t@pgf@tokc=\toks22
\pgf@sys@id@count=\count101

(/data/data/com.termux/files/usr/share/texlive/texmf-dist/tex/generic/pgf/syste
mlayer/pgf.cfg
File: pgf.cfg 2019/02/02 v3.1.1 (3.1.1)
)
Driver file for pgf: pgfsys-dvips.def

(/data/data/com.termux/files/usr/share/texlive/texmf-dist/tex/generic/pgf/syste
mlayer/pgfsys-dvips.def
File: pgfsys-dvips.def 2019/02/02 v3.1.1 (3.1.1)

(/data/data/com.termux/files/usr/share/texlive/texmf-dist/tex/generic/pgf/syste
mlayer/pgfsys-common-postscript.def
File: pgfsys-common-postscript.def 2019/02/02 v3.1.1 (3.1.1)
\pgf@objectcount=\count102
)))
(/data/data/com.termux/files/usr/share/texlive/texmf-dist/tex/generic/pgf/syste
mlayer/pgfsyssoftpath.code.tex
File: pgfsyssoftpath.code.tex 2019/02/02 v3.1.1 (3.1.1)
\pgfsyssoftpath@smallbuffer@items=\count103
\pgfsyssoftpath@bigbuffer@items=\count104
)
(/data/data/com.termux/files/usr/share/texlive/texmf-dist/tex/generic/pgf/syste
mlayer/pgfsysprotocol.code.tex
File: pgfsysprotocol.code.tex 2019/02/02 v3.1.1 (3.1.1)
))
(/data/data/com.termux/files/usr/share/texlive/texmf-dist/tex/generic/pgf/basic
layer/pgfcore.code.tex
Package: pgfcore 2019/02/02 v3.1.1 (3.1.1)

(/data/data/com.termux/files/usr/share/texlive/texmf-dist/tex/generic/pgf/math/
pgfmath.code.tex
(/data/data/com.termux/files/usr/share/texlive/texmf-dist/tex/generic/pgf/math/
pgfmathcalc.code.tex
(/data/data/com.termux/files/usr/share/texlive/texmf-dist/tex/generic/pgf/math/
pgfmathutil.code.tex)
(/data/data/com.termux/files/usr/share/texlive/texmf-dist/tex/generic/pgf/math/
pgfmathparser.code.tex
\pgfmath@dimen=\dimen145
\pgfmath@count=\count105
\pgfmath@box=\box30
\pgfmath@toks=\toks23
\pgfmath@stack@operand=\toks24
\pgfmath@stack@operation=\toks25
)
(/data/data/com.termux/files/usr/share/texlive/texmf-dist/tex/generic/pgf/math/
pgfmathfunctions.code.tex
(/data/data/com.termux/files/usr/share/texlive/texmf-dist/tex/generic/pgf/math/
pgfmathfunctions.basic.code.tex)
(/data/data/com.termux/files/usr/share/texlive/texmf-dist/tex/generic/pgf/math/
pgfmathfunctions.trigonometric.code.tex)
(/data/data/com.termux/files/usr/share/texlive/texmf-dist/tex/generic/pgf/math/
pgfmathfunctions.random.code.tex)
(/data/data/com.termux/files/usr/share/texlive/texmf-dist/tex/generic/pgf/math/
pgfmathfunctions.comparison.code.tex)
(/data/data/com.termux/files/usr/share/texlive/texmf-dist/tex/generic/pgf/math/
pgfmathfunctions.base.code.tex)
(/data/data/com.termux/files/usr/share/texlive/texmf-dist/tex/generic/pgf/math/
pgfmathfunctions.round.code.tex)
(/data/data/com.termux/files/usr/share/texlive/texmf-dist/tex/generic/pgf/math/
pgfmathfunctions.misc.code.tex)
(/data/data/com.termux/files/usr/share/texlive/texmf-dist/tex/generic/pgf/math/
pgfmathfunctions.integerarithmetics.code.tex)))
(/data/data/com.termux/files/usr/share/texlive/texmf-dist/tex/generic/pgf/math/
pgfmathfloat.code.tex
\c@pgfmathroundto@lastzeros=\count106
))
(/data/data/com.termux/files/usr/share/texlive/texmf-dist/tex/generic/pgf/basic
layer/pgfcorepoints.code.tex
File: pgfcorepoints.code.tex 2019/02/02 v3.1.1 (3.1.1)
\pgf@picminx=\dimen146
\pgf@picmaxx=\dimen147
\pgf@picminy=\dimen148
\pgf@picmaxy=\dimen149
\pgf@pathminx=\dimen150
\pgf@pathmaxx=\dimen151
\pgf@pathminy=\dimen152
\pgf@pathmaxy=\dimen153
\pgf@xx=\dimen154
\pgf@xy=\dimen155
\pgf@yx=\dimen156
\pgf@yy=\dimen157
\pgf@zx=\dimen158
\pgf@zy=\dimen159
)
(/data/data/com.termux/files/usr/share/texlive/texmf-dist/tex/generic/pgf/basic
layer/pgfcorepathconstruct.code.tex
File: pgfcorepathconstruct.code.tex 2019/02/02 v3.1.1 (3.1.1)
\pgf@path@lastx=\dimen160
\pgf@path@lasty=\dimen161
)
(/data/data/com.termux/files/usr/share/texlive/texmf-dist/tex/generic/pgf/basic
layer/pgfcorepathusage.code.tex
File: pgfcorepathusage.code.tex 2019/02/02 v3.1.1 (3.1.1)
\pgf@shorten@end@additional=\dimen162
\pgf@shorten@start@additional=\dimen163
)
(/data/data/com.termux/files/usr/share/texlive/texmf-dist/tex/generic/pgf/basic
layer/pgfcorescopes.code.tex
File: pgfcorescopes.code.tex 2019/02/02 v3.1.1 (3.1.1)
\pgfpic=\box31
\pgf@hbox=\box32
\pgf@layerbox@main=\box33
\pgf@picture@serial@count=\count107
)
(/data/data/com.termux/files/usr/share/texlive/texmf-dist/tex/generic/pgf/basic
layer/pgfcoregraphicstate.code.tex
File: pgfcoregraphicstate.code.tex 2019/02/02 v3.1.1 (3.1.1)
\pgflinewidth=\dimen164
)
(/data/data/com.termux/files/usr/share/texlive/texmf-dist/tex/generic/pgf/basic
layer/pgfcoretransformations.code.tex
File: pgfcoretransformations.code.tex 2019/02/02 v3.1.1 (3.1.1)
\pgf@pt@x=\dimen165
\pgf@pt@y=\dimen166
\pgf@pt@temp=\dimen167
)
(/data/data/com.termux/files/usr/share/texlive/texmf-dist/tex/generic/pgf/basic
layer/pgfcorequick.code.tex
File: pgfcorequick.code.tex 2019/02/02 v3.1.1 (3.1.1)
)
(/data/data/com.termux/files/usr/share/texlive/texmf-dist/tex/generic/pgf/basic
layer/pgfcoreobjects.code.tex
File: pgfcoreobjects.code.tex 2019/02/02 v3.1.1 (3.1.1)
)
(/data/data/com.termux/files/usr/share/texlive/texmf-dist/tex/generic/pgf/basic
layer/pgfcorepathprocessing.code.tex
File: pgfcorepathprocessing.code.tex 2019/02/02 v3.1.1 (3.1.1)
)
(/data/data/com.termux/files/usr/share/texlive/texmf-dist/tex/generic/pgf/basic
layer/pgfcorearrows.code.tex
File: pgfcorearrows.code.tex 2019/02/02 v3.1.1 (3.1.1)
\pgfarrowsep=\dimen168
)
(/data/data/com.termux/files/usr/share/texlive/texmf-dist/tex/generic/pgf/basic
layer/pgfcoreshade.code.tex
File: pgfcoreshade.code.tex 2019/02/02 v3.1.1 (3.1.1)
\pgf@max=\dimen169
\pgf@sys@shading@range@num=\count108
)
(/data/data/com.termux/files/usr/share/texlive/texmf-dist/tex/generic/pgf/basic
layer/pgfcoreimage.code.tex
File: pgfcoreimage.code.tex 2019/02/02 v3.1.1 (3.1.1)

(/data/data/com.termux/files/usr/share/texlive/texmf-dist/tex/generic/pgf/basic
layer/pgfcoreexternal.code.tex
File: pgfcoreexternal.code.tex 2019/02/02 v3.1.1 (3.1.1)
\pgfexternal@startupbox=\box34
))
(/data/data/com.termux/files/usr/share/texlive/texmf-dist/tex/generic/pgf/basic
layer/pgfcorelayers.code.tex
File: pgfcorelayers.code.tex 2019/02/02 v3.1.1 (3.1.1)
)
(/data/data/com.termux/files/usr/share/texlive/texmf-dist/tex/generic/pgf/basic
layer/pgfcoretransparency.code.tex
File: pgfcoretransparency.code.tex 2019/02/02 v3.1.1 (3.1.1)
)
(/data/data/com.termux/files/usr/share/texlive/texmf-dist/tex/generic/pgf/basic
layer/pgfcorepatterns.code.tex
File: pgfcorepatterns.code.tex 2019/02/02 v3.1.1 (3.1.1)
)
(/data/data/com.termux/files/usr/share/texlive/texmf-dist/tex/generic/pgf/basic
layer/pgfcorerdf.code.tex
File: pgfcorerdf.code.tex 2019/02/02 v3.1.1 (3.1.1)
)))
(/data/data/com.termux/files/usr/share/texlive/texmf-dist/tex/generic/pgf/modul
es/pgfmoduleshapes.code.tex
File: pgfmoduleshapes.code.tex 2019/02/02 v3.1.1 (3.1.1)
\pgfnodeparttextbox=\box35
)
(/data/data/com.termux/files/usr/share/texlive/texmf-dist/tex/generic/pgf/modul
es/pgfmoduleplot.code.tex
File: pgfmoduleplot.code.tex 2019/02/02 v3.1.1 (3.1.1)
)
(/data/data/com.termux/files/usr/share/texlive/texmf-dist/tex/latex/pgf/compati
bility/pgfcomp-version-0-65.sty
Package: pgfcomp-version-0-65 2019/02/02 v3.1.1 (3.1.1)
\pgf@nodesepstart=\dimen170
\pgf@nodesepend=\dimen171
)
(/data/data/com.termux/files/usr/share/texlive/texmf-dist/tex/latex/pgf/compati
bility/pgfcomp-version-1-18.sty
Package: pgfcomp-version-1-18 2019/02/02 v3.1.1 (3.1.1)
))
(/data/data/com.termux/files/usr/share/texlive/texmf-dist/tex/latex/pgf/utiliti
es/pgffor.sty
(/data/data/com.termux/files/usr/share/texlive/texmf-dist/tex/latex/pgf/utiliti
es/pgfkeys.sty
(/data/data/com.termux/files/usr/share/texlive/texmf-dist/tex/generic/pgf/utili
ties/pgfkeys.code.tex))
(/data/data/com.termux/files/usr/share/texlive/texmf-dist/tex/latex/pgf/math/pg
fmath.sty
(/data/data/com.termux/files/usr/share/texlive/texmf-dist/tex/generic/pgf/math/
pgfmath.code.tex))
(/data/data/com.termux/files/usr/share/texlive/texmf-dist/tex/generic/pgf/utili
ties/pgffor.code.tex
Package: pgffor 2019/02/02 v3.1.1 (3.1.1)

(/data/data/com.termux/files/usr/share/texlive/texmf-dist/tex/generic/pgf/math/
pgfmath.code.tex)
\pgffor@iter=\dimen172
\pgffor@skip=\dimen173
\pgffor@stack=\toks26
\pgffor@toks=\toks27
))
(/data/data/com.termux/files/usr/share/texlive/texmf-dist/tex/generic/pgf/front
endlayer/tikz/tikz.code.tex
Package: tikz 2019/02/02 v3.1.1 (3.1.1)

(/data/data/com.termux/files/usr/share/texlive/texmf-dist/tex/generic/pgf/libra
ries/pgflibraryplothandlers.code.tex
File: pgflibraryplothandlers.code.tex 2019/02/02 v3.1.1 (3.1.1)
\pgf@plot@mark@count=\count109
\pgfplotmarksize=\dimen174
)
\tikz@lastx=\dimen175
\tikz@lasty=\dimen176
\tikz@lastxsaved=\dimen177
\tikz@lastysaved=\dimen178
\tikzleveldistance=\dimen179
\tikzsiblingdistance=\dimen180
\tikz@figbox=\box36
\tikz@figbox@bg=\box37
\tikz@tempbox=\box38
\tikz@tempbox@bg=\box39
\tikztreelevel=\count110
\tikznumberofchildren=\count111
\tikznumberofcurrentchild=\count112
\tikz@fig@count=\count113

(/data/data/com.termux/files/usr/share/texlive/texmf-dist/tex/generic/pgf/modul
es/pgfmodulematrix.code.tex
File: pgfmodulematrix.code.tex 2019/02/02 v3.1.1 (3.1.1)
\pgfmatrixcurrentrow=\count114
\pgfmatrixcurrentcolumn=\count115
\pgf@matrix@numberofcolumns=\count116
)
\tikz@expandcount=\count117

(/data/data/com.termux/files/usr/share/texlive/texmf-dist/tex/generic/pgf/front
endlayer/tikz/libraries/tikzlibrarytopaths.code.tex
File: tikzlibrarytopaths.code.tex 2019/02/02 v3.1.1 (3.1.1)
)))
(/data/data/com.termux/files/usr/share/texlive/texmf-dist/tex/generic/pgf/front
endlayer/tikz/libraries/tikzlibrarypositioning.code.tex
File: tikzlibrarypositioning.code.tex 2019/02/02 v3.1.1 (3.1.1)
)
(/data/data/com.termux/files/usr/share/texlive/texmf-dist/tex/latex/amsmath/ams
math.sty
Package: amsmath 2018/12/01 v2.17b AMS math features
\@mathmargin=\skip44

For additional information on amsmath, use the `?' option.

(/data/data/com.termux/files/usr/share/texlive/texmf-dist/tex/latex/amsmath/ams
text.sty
Package: amstext 2000/06/29 v2.01 AMS text

(/data/data/com.termux/files/usr/share/texlive/texmf-dist/tex/latex/amsmath/ams
gen.sty
File: amsgen.sty 1999/11/30 v2.0 generic functions
\@emptytoks=\toks28
\ex@=\dimen181
))
(/data/data/com.termux/files/usr/share/texlive/texmf-dist/tex/latex/amsmath/ams
bsy.sty
Package: amsbsy 1999/11/29 v1.2d Bold Symbols
\pmbraise@=\dimen182
)
(/data/data/com.termux/files/usr/share/texlive/texmf-dist/tex/latex/amsmath/ams
opn.sty
Package: amsopn 2016/03/08 v2.02 operator names
)
\inf@bad=\count118
LaTeX Info: Redefining \frac on input line 223.
\uproot@=\count119
\leftroot@=\count120
LaTeX Info: Redefining \overline on input line 385.
\classnum@=\count121
\DOTSCASE@=\count122
LaTeX Info: Redefining \ldots on input line 482.
LaTeX Info: Redefining \dots on input line 485.
LaTeX Info: Redefining \cdots on input line 606.
\Mathstrutbox@=\box40
\strutbox@=\box41
\big@size=\dimen183
LaTeX Font Info:    Redeclaring font encoding OML on input line 729.
LaTeX Font Info:    Redeclaring font encoding OMS on input line 730.
\macc@depth=\count123
\c@MaxMatrixCols=\count124
\dotsspace@=\muskip10
\c@parentequation=\count125
\dspbrk@lvl=\count126
\tag@help=\toks29
\row@=\count127
\column@=\count128
\maxfields@=\count129
\andhelp@=\toks30
\eqnshift@=\dimen184
\alignsep@=\dimen185
\tagshift@=\dimen186
\tagwidth@=\dimen187
\totwidth@=\dimen188
\lineht@=\dimen189
\@envbody=\toks31
\multlinegap=\skip45
\multlinetaggap=\skip46
\mathdisplay@stack=\toks32
LaTeX Info: Redefining \[ on input line 2844.
LaTeX Info: Redefining \] on input line 2845.
)
(/data/data/com.termux/files/usr/share/texlive/texmf-dist/tex/latex/amscls/amst
hm.sty
Package: amsthm 2017/10/31 v2.20.4
\thm@style=\toks33
\thm@bodyfont=\toks34
\thm@headfont=\toks35
\thm@notefont=\toks36
\thm@headpunct=\toks37
\thm@preskip=\skip47
\thm@postskip=\skip48
\thm@headsep=\skip49
\dth@everypar=\toks38
)
(/data/data/com.termux/files/usr/share/texlive/texmf-dist/tex/latex/wasysym/was
ysym.sty
Package: wasysym 2003/10/30 v2.0 Wasy-2 symbol support package
\symwasy=\mathgroup4
LaTeX Font Info:    Overwriting symbol font `wasy' in version `bold'
(Font)                  U/wasy/m/n --> U/wasy/b/n on input line 90.
)
(/data/data/com.termux/files/usr/share/texlive/texmf-dist/tex/latex/jknapltx/ma
thrsfs.sty
Package: mathrsfs 1996/01/01 Math RSFS package v1.0 (jk)
\symrsfs=\mathgroup5
)
(/data/data/com.termux/files/usr/share/texlive/texmf-dist/tex/latex/txfonts/txf
onts.sty
Package: txfonts 2008/01/22 v3.2.1
LaTeX Font Info:    Redeclaring symbol font `operators' on input line 21.
LaTeX Font Info:    Overwriting symbol font `operators' in version `normal'
(Font)                  OT1/cmr/m/n --> OT1/txr/m/n on input line 21.
LaTeX Font Info:    Overwriting symbol font `operators' in version `bold'
(Font)                  OT1/cmr/bx/n --> OT1/txr/m/n on input line 21.
LaTeX Font Info:    Overwriting symbol font `operators' in version `bold'
(Font)                  OT1/txr/m/n --> OT1/txr/bx/n on input line 22.
\symitalic=\mathgroup6
LaTeX Font Info:    Overwriting symbol font `italic' in version `bold'
(Font)                  OT1/txr/m/it --> OT1/txr/bx/it on input line 26.
LaTeX Font Info:    Redeclaring math alphabet \mathbf on input line 29.
LaTeX Font Info:    Overwriting math alphabet `\mathbf' in version `normal'
(Font)                  OT1/cmr/bx/n --> OT1/txr/bx/n on input line 29.
LaTeX Font Info:    Overwriting math alphabet `\mathbf' in version `bold'
(Font)                  OT1/cmr/bx/n --> OT1/txr/bx/n on input line 29.
LaTeX Font Info:    Redeclaring math alphabet \mathit on input line 30.
LaTeX Font Info:    Overwriting math alphabet `\mathit' in version `normal'
(Font)                  OT1/cmr/m/it --> OT1/txr/m/it on input line 30.
LaTeX Font Info:    Overwriting math alphabet `\mathit' in version `bold'
(Font)                  OT1/cmr/bx/it --> OT1/txr/m/it on input line 30.
LaTeX Font Info:    Overwriting math alphabet `\mathit' in version `bold'
(Font)                  OT1/txr/m/it --> OT1/txr/bx/it on input line 31.
LaTeX Font Info:    Redeclaring math alphabet \mathsf on input line 40.
LaTeX Font Info:    Overwriting math alphabet `\mathsf' in version `normal'
(Font)                  OT1/cmss/m/n --> OT1/txss/m/n on input line 40.
LaTeX Font Info:    Overwriting math alphabet `\mathsf' in version `bold'
(Font)                  OT1/cmss/bx/n --> OT1/txss/m/n on input line 40.
LaTeX Font Info:    Overwriting math alphabet `\mathsf' in version `bold'
(Font)                  OT1/txss/m/n --> OT1/txss/b/n on input line 41.
LaTeX Font Info:    Redeclaring math alphabet \mathtt on input line 50.
LaTeX Font Info:    Overwriting math alphabet `\mathtt' in version `normal'
(Font)                  OT1/cmtt/m/n --> OT1/txtt/m/n on input line 50.
LaTeX Font Info:    Overwriting math alphabet `\mathtt' in version `bold'
(Font)                  OT1/cmtt/m/n --> OT1/txtt/m/n on input line 50.
LaTeX Font Info:    Overwriting math alphabet `\mathtt' in version `bold'
(Font)                  OT1/txtt/m/n --> OT1/txtt/b/n on input line 51.
LaTeX Font Info:    Redeclaring symbol font `letters' on input line 58.
LaTeX Font Info:    Overwriting symbol font `letters' in version `normal'
(Font)                  OML/cmm/m/it --> OML/txmi/m/it on input line 58.
LaTeX Font Info:    Overwriting symbol font `letters' in version `bold'
(Font)                  OML/cmm/b/it --> OML/txmi/m/it on input line 58.
LaTeX Font Info:    Overwriting symbol font `letters' in version `bold'
(Font)                  OML/txmi/m/it --> OML/txmi/bx/it on input line 59.
\symlettersA=\mathgroup7
LaTeX Font Info:    Overwriting symbol font `lettersA' in version `bold'
(Font)                  U/txmia/m/it --> U/txmia/bx/it on input line 67.
LaTeX Font Info:    Redeclaring symbol font `symbols' on input line 77.
LaTeX Font Info:    Overwriting symbol font `symbols' in version `normal'
(Font)                  OMS/cmsy/m/n --> OMS/txsy/m/n on input line 77.
LaTeX Font Info:    Overwriting symbol font `symbols' in version `bold'
(Font)                  OMS/cmsy/b/n --> OMS/txsy/m/n on input line 77.
LaTeX Font Info:    Overwriting symbol font `symbols' in version `bold'
(Font)                  OMS/txsy/m/n --> OMS/txsy/bx/n on input line 78.
\symAMSa=\mathgroup8
LaTeX Font Info:    Overwriting symbol font `AMSa' in version `bold'
(Font)                  U/txsya/m/n --> U/txsya/bx/n on input line 94.
\symAMSb=\mathgroup9
LaTeX Font Info:    Overwriting symbol font `AMSb' in version `bold'
(Font)                  U/txsyb/m/n --> U/txsyb/bx/n on input line 103.
\symsymbolsC=\mathgroup10
LaTeX Font Info:    Overwriting symbol font `symbolsC' in version `bold'
(Font)                  U/txsyc/m/n --> U/txsyc/bx/n on input line 113.
LaTeX Font Info:    Redeclaring symbol font `largesymbols' on input line 120.
LaTeX Font Info:    Overwriting symbol font `largesymbols' in version `normal'
(Font)                  OMX/cmex/m/n --> OMX/txex/m/n on input line 120.
LaTeX Font Info:    Overwriting symbol font `largesymbols' in version `bold'
(Font)                  OMX/cmex/m/n --> OMX/txex/m/n on input line 120.
LaTeX Font Info:    Overwriting symbol font `largesymbols' in version `bold'
(Font)                  OMX/txex/m/n --> OMX/txex/bx/n on input line 121.
\symlargesymbolsA=\mathgroup11
LaTeX Font Info:    Overwriting symbol font `largesymbolsA' in version `bold'
(Font)                  U/txexa/m/n --> U/txexa/bx/n on input line 129.
LaTeX Info: Redefining \not on input line 1043.
LaTeX Info: Redefining \textsquare on input line 1063.
LaTeX Info: Redefining \openbox on input line 1064.
)
(/data/data/com.termux/files/usr/share/texlive/texmf-dist/tex/latex/sttools/stf
loats.sty
Package: stfloats 2017/03/27 v3.3 Improve float mechanism and baselineskip sett
ings
\@dblbotnum=\count130
\c@dblbotnumber=\count131
)
(/data/data/com.termux/files/usr/share/texlive/texmf-dist/tex/latex/cite/cite.s
ty
LaTeX Info: Redefining \cite on input line 302.
LaTeX Info: Redefining \nocite on input line 332.
Package: cite 2015/02/27  v 5.5
)
(/data/data/com.termux/files/usr/share/texlive/texmf-dist/tex/latex/cases/cases
.sty
Package: cases 2002/05/02 ver 2.5 
)
(/data/data/com.termux/files/usr/share/texlive/texmf-dist/tex/latex/mathtools/m
athtools.sty
Package: mathtools 2018/01/08 v1.21 mathematical typesetting tools

(/data/data/com.termux/files/usr/share/texlive/texmf-dist/tex/latex/tools/calc.
sty
Package: calc 2017/05/25 v4.3 Infix arithmetic (KKT,FJ)
\calc@Acount=\count132
\calc@Bcount=\count133
\calc@Adimen=\dimen190
\calc@Bdimen=\dimen191
\calc@Askip=\skip50
\calc@Bskip=\skip51
LaTeX Info: Redefining \setlength on input line 80.
LaTeX Info: Redefining \addtolength on input line 81.
\calc@Ccount=\count134
\calc@Cskip=\skip52
)
(/data/data/com.termux/files/usr/share/texlive/texmf-dist/tex/latex/mathtools/m
hsetup.sty
Package: mhsetup 2017/03/31 v1.3 programming setup (MH)
)
LaTeX Info: Thecontrolsequence`\('isalreadyrobust on input line 129.
LaTeX Info: Thecontrolsequence`\)'isalreadyrobust on input line 129.
LaTeX Info: Thecontrolsequence`\['isalreadyrobust on input line 129.
LaTeX Info: Thecontrolsequence`\]'isalreadyrobust on input line 129.
\g_MT_multlinerow_int=\count135
\l_MT_multwidth_dim=\dimen192
\origjot=\skip53
\l_MT_shortvdotswithinadjustabove_dim=\dimen193
\l_MT_shortvdotswithinadjustbelow_dim=\dimen194
\l_MT_above_intertext_sep=\dimen195
\l_MT_below_intertext_sep=\dimen196
\l_MT_above_shortintertext_sep=\dimen197
\l_MT_below_shortintertext_sep=\dimen198
)
(/data/data/com.termux/files/usr/share/texlive/texmf-dist/tex/latex/subfig/subf
ig.sty
Package: subfig 2005/06/28 ver: 1.3 subfig package
\c@KVtest=\count136
\sf@farskip=\skip54
\sf@captopadj=\dimen199
\sf@capskip=\skip55
\sf@nearskip=\skip56
\c@subfigure=\count137
\c@subfigure@save=\count138
\c@lofdepth=\count139
\c@subtable=\count140
\c@subtable@save=\count141
\c@lotdepth=\count142
\sf@top=\skip57
\sf@bottom=\skip58
)
(/data/data/com.termux/files/usr/share/texlive/texmf-dist/tex/latex/tools/enume
rate.sty
Package: enumerate 2015/07/23 v3.00 enumerate extensions (DPC)
\@enLab=\toks39
)
(/data/data/com.termux/files/usr/share/texlive/texmf-dist/tex/latex/enumitem/en
umitem.sty
Package: enumitem 2019/02/04 v3.8 Customized lists
\labelindent=\skip59
\enit@outerparindent=\dimen256
\enit@toks=\toks40
\enit@inbox=\box42
\enit@count@id=\count143
\enitdp@description=\count144
)
(/data/data/com.termux/files/usr/share/texlive/texmf-dist/tex/latex/tools/longt
able.sty
Package: longtable 2014/10/28 v4.11 Multi-page Table package (DPC)+ FMi change
\LTleft=\skip60
\LTright=\skip61
\LTpre=\skip62
\LTpost=\skip63
\LTchunksize=\count145
\LTcapwidth=\dimen257
\LT@head=\box43
\LT@firsthead=\box44
\LT@foot=\box45
\LT@lastfoot=\box46
\LT@cols=\count146
\LT@rows=\count147
\c@LT@tables=\count148
\c@LT@chunks=\count149
\LT@p@ftn=\toks41
)
(/data/data/com.termux/files/usr/share/texlive/texmf-dist/tex/latex/multirow/mu
ltirow.sty
Package: multirow 2019/01/01 v2.4 Span multiple rows of a table
\multirow@colwidth=\skip64
\multirow@cntb=\count150
\multirow@dima=\skip65
\bigstrutjot=\dimen258
)
(/data/data/com.termux/files/usr/share/texlive/texmf-dist/tex/latex/listings/li
stings.sty
\lst@mode=\count151
\lst@gtempboxa=\box47
\lst@token=\toks42
\lst@length=\count152
\lst@currlwidth=\dimen259
\lst@column=\count153
\lst@pos=\count154
\lst@lostspace=\dimen260
\lst@width=\dimen261
\lst@newlines=\count155
\lst@lineno=\count156
\lst@maxwidth=\dimen262

(/data/data/com.termux/files/usr/share/texlive/texmf-dist/tex/latex/listings/ls
tmisc.sty
File: lstmisc.sty 2019/02/27 1.8b (Carsten Heinz)
\c@lstnumber=\count157
\lst@skipnumbers=\count158
\lst@framebox=\box48
)
(/data/data/com.termux/files/usr/share/texlive/texmf-dist/tex/latex/listings/li
stings.cfg
File: listings.cfg 2019/02/27 1.8b listings configuration
))
Package: listings 2019/02/27 1.8b (Carsten Heinz)

(/data/data/com.termux/files/usr/share/texlive/texmf-dist/tex/latex/base/inpute
nc.sty
Package: inputenc 2018/08/11 v1.3c Input encoding file
\inpenc@prehook=\toks43
\inpenc@posthook=\toks44

(/data/data/com.termux/files/usr/share/texlive/texmf-dist/tex/latex/base/latin1
.def
File: latin1.def 2018/08/11 v1.3c Input encoding file
))
(/data/data/com.termux/files/usr/share/texlive/texmf-dist/tex/latex/tools/array
.sty
Package: array 2018/12/30 v2.4k Tabular extension package (FMi)
\col@sep=\dimen263
\ar@mcellbox=\box49
\extrarowheight=\dimen264
\NC@list=\toks45
\extratabsurround=\skip66
\backup@length=\skip67
\ar@cellbox=\box50
)
(/data/data/com.termux/files/usr/share/texlive/texmf-dist/tex/latex/tools/hhlin
e.sty
Package: hhline 2014/10/28 v2.03 Table rule package (DPC)
)
(/data/data/com.termux/files/usr/share/texlive/texmf-dist/tex/latex/base/ifthen
.sty
Package: ifthen 2014/09/29 v1.1c Standard LaTeX ifthen package (DPC)
)
(/data/data/com.termux/files/usr/share/texlive/texmf-dist/tex/latex/graphics/ls
cape.sty
Package: lscape 2000/10/22 v3.01 Landscape Pages (DPC)
) (./NCC_2020.aux

LaTeX Warning: Label `fig:qpsk' multiply defined.


LaTeX Warning: Label `fig:8psk' multiply defined.


LaTeX Warning: Label `fig:8psk1' multiply defined.

)
\openout1 = `NCC_2020.aux'.

LaTeX Font Info:    Checking defaults for OML/txmi/m/it on input line 117.
LaTeX Font Info:    Try loading font information for OML+txmi on input line 117
.

(/data/data/com.termux/files/usr/share/texlive/texmf-dist/tex/latex/txfonts/oml
txmi.fd
File: omltxmi.fd 2000/12/15 v3.1
)
LaTeX Font Info:    ... okay on input line 117.
LaTeX Font Info:    Checking defaults for T1/cmr/m/n on input line 117.
LaTeX Font Info:    ... okay on input line 117.
LaTeX Font Info:    Checking defaults for OT1/cmr/m/n on input line 117.
LaTeX Font Info:    ... okay on input line 117.
LaTeX Font Info:    Checking defaults for OMS/txsy/m/n on input line 117.
LaTeX Font Info:    Try loading font information for OMS+txsy on input line 117
.

(/data/data/com.termux/files/usr/share/texlive/texmf-dist/tex/latex/txfonts/oms
txsy.fd
File: omstxsy.fd 2000/12/15 v3.1
)
LaTeX Font Info:    ... okay on input line 117.
LaTeX Font Info:    Checking defaults for OMX/txex/m/n on input line 117.
LaTeX Font Info:    Try loading font information for OMX+txex on input line 117
.

(/data/data/com.termux/files/usr/share/texlive/texmf-dist/tex/latex/txfonts/omx
txex.fd
File: omxtxex.fd 2000/12/15 v3.1
)
LaTeX Font Info:    ... okay on input line 117.
LaTeX Font Info:    Checking defaults for U/txexa/m/n on input line 117.
LaTeX Font Info:    Try loading font information for U+txexa on input line 117.


(/data/data/com.termux/files/usr/share/texlive/texmf-dist/tex/latex/txfonts/utx
exa.fd
File: utxexa.fd 2000/12/15 v3.1
)
LaTeX Font Info:    ... okay on input line 117.
LaTeX Font Info:    Try loading font information for OT1+txr on input line 117.


(/data/data/com.termux/files/usr/share/texlive/texmf-dist/tex/latex/txfonts/ot1
txr.fd
File: ot1txr.fd 2000/12/15 v3.1
)
-- Lines per column: 50 (exact).
LaTeX Info: Redefining \celsius on input line 117.
Package gensymb Info: Faking symbols for \degree and \celsius on input line 117
.

Package gensymb Warning: Not defining \perthousand.

LaTeX Info: Redefining \ohm on input line 117.
Package gensymb Info: Using \Omega for \ohm on input line 117.

Package gensymb Warning: Not defining \micro.

Package caption Info: Begin \AtBeginDocument code.
Package caption Info: subfig package v1.3 is loaded.
Package caption Info: listings package is loaded.
Package caption Info: longtable package is loaded.

(/data/data/com.termux/files/usr/share/texlive/texmf-dist/tex/latex/caption/ltc
aption.sty
Package: ltcaption 2018/08/26 v1.4-95 longtable captions (AR)
)
Package caption Info: End \AtBeginDocument code.
 ABD: EveryShipout initializing macros
\c@lstlisting=\count159
\c@theorem=\count160
\c@problem=\count161
\c@proposition=\count162
\c@lemma=\count163
\c@example=\count164
\c@definition=\count165
\c@rem=\count166
LaTeX Font Info:    Calculating math sizes for size <14> on input line 231.
LaTeX Font Info:    Try loading font information for U+wasy on input line 231.

(/data/data/com.termux/files/usr/share/texlive/texmf-dist/tex/latex/wasysym/uwa
sy.fd
File: uwasy.fd 2003/10/30 v2.0 Wasy-2 symbol font definitions
)
LaTeX Font Info:    Try loading font information for U+rsfs on input line 231.

(/data/data/com.termux/files/usr/share/texlive/texmf-dist/tex/latex/jknapltx/ur
sfs.fd
File: ursfs.fd 1998/03/24 rsfs font definition file (jk)
)
LaTeX Font Info:    Try loading font information for U+txmia on input line 231.


(/data/data/com.termux/files/usr/share/texlive/texmf-dist/tex/latex/txfonts/utx
mia.fd
File: utxmia.fd 2000/12/15 v3.1
)
LaTeX Font Info:    Try loading font information for U+txsya on input line 231.


(/data/data/com.termux/files/usr/share/texlive/texmf-dist/tex/latex/txfonts/utx
sya.fd
File: utxsya.fd 2000/12/15 v3.1
)
LaTeX Font Info:    Try loading font information for U+txsyb on input line 231.


(/data/data/com.termux/files/usr/share/texlive/texmf-dist/tex/latex/txfonts/utx
syb.fd
File: utxsyb.fd 2000/12/15 v3.1
)
LaTeX Font Info:    Try loading font information for U+txsyc on input line 231.


(/data/data/com.termux/files/usr/share/texlive/texmf-dist/tex/latex/txfonts/utx
syc.fd
File: utxsyc.fd 2000/12/15 v3.1
) (./NCC_2020.toc
Underfull \hbox (badness 10000) in paragraph at lines 20--20
 [][] []\OT1/txr/m/n/12 Approximated LLR's for 
 []


Underfull \hbox (badness 2932) in paragraph at lines 25--25
 \OT1/txr/m/n/12 Max-i-mum Like-li-hood (FF- 
 []


Underfull \hbox (badness 3407) in paragraph at lines 26--26
 [][] []\OT1/txr/m/n/12 Automatic Gain Con-troller 
 []

)
\tf@toc=\write4
\openout4 = `NCC_2020.toc'.


Underfull \vbox (badness 1062) has occurred while \output is active []

 [1


]
(./tables/psk.tex
\gnumericTableWidth=\skip68
\gnumericTableWidthComplete=\skip69
\gnumericMultiRowLength=\skip70
\gnumericColA=\skip71
\gnumericColB=\skip72
\gnumericColC=\skip73
\gnumericColD=\skip74
\gnumericColE=\skip75

Overfull \hbox (6.0pt too wide) in paragraph at lines 154--154
[]|\OT1/txr/m/n/12 x| 
 []


LaTeX Warning: Command \j invalid in math mode on input line 220.

)
File: ./figs/qpsk.eps Graphic file (type eps)
 <./figs/qpsk.eps>
File: ./figs/8psk.eps Graphic file (type eps)
 <./figs/8psk.eps>
File: ./figs/16apsk.eps Graphic file (type eps)
 <./figs/16apsk.eps>
File: ./figs/apsk16.eps Graphic file (type eps)
 <./figs/apsk16.eps>
[2]
Overfull \hbox (24.30696pt too wide) detected at line 377
[]
 []

File: ./figs/32APSK.eps Graphic file (type eps)
<./figs/32APSK.eps>
File: ./figs/apsk32.eps Graphic file (type eps)
 <./figs/apsk32.eps> [3]
Overfull \hbox (27.59984pt too wide) detected at line 481
\OML/txmi/m/it/12 T[]\OT1/txr/m/n/12 (\OML/txmi/m/it/12 x\OT1/txr/m/n/12 ) = []

 []


Overfull \hbox (9.14091pt too wide) detected at line 499
\OML/txmi/m/it/12 r\OT1/txr/m/n/12 (\OML/txmi/m/it/12 x\OT1/txr/m/n/12 ) = \OML
/txmi/m/it/12 c\OT1/txr/m/n/12 (\OML/txmi/m/it/12 x\OT1/txr/m/n/12 ) + \OML/txm
i/m/it/12 e\OT1/txr/m/n/12 (\OML/txmi/m/it/12 x\OT1/txr/m/n/12 ) = \OML/txmi/m/
it/12 r[]x[] \OT1/txr/m/n/12 + \OML/txmi/m/it/12 r[]x[] \OT1/txr/m/n/12 + [] + 
\OML/txmi/m/it/12 r[]x \OT1/txr/m/n/12 + \OML/txmi/m/it/12 r[]
 []

[4]
File: ./figs/tanner.eps Graphic file (type eps)
 <./figs/tanner.eps>
File: ./figs/checkope.eps Graphic file (type eps)
 <./figs/checkope.eps> [5] (./figs/ptable.tex)
Overfull \hbox (4.52466pt too wide) detected at line 687
[]
 []


Overfull \hbox (9.7864pt too wide) detected at line 691
\OML/txmi/m/it/12 p[] \OMS/txsy/m/n/12 ^^@ \OT1/txr/m/n/12 (1 \OMS/txsy/m/n/12 
^^@ \OML/txmi/m/it/12 p[]\OT1/txr/m/n/12 ) = \OML/txmi/m/it/12 p[] \OMS/txsy/m/
n/12 ^^@ \OT1/txr/m/n/12 (1 \OMS/txsy/m/n/12 ^^@ \OML/txmi/m/it/12 p[]\OT1/txr/
m/n/12 ) + \OML/txmi/m/it/12 p[] \OMS/txsy/m/n/12 ^^@ \OT1/txr/m/n/12 (1 \OMS/t
xsy/m/n/12 ^^@ \OML/txmi/m/it/12 p[]\OT1/txr/m/n/12 ) + \OML/txmi/m/it/12 p[] \
OMS/txsy/m/n/12 ^^@ \OT1/txr/m/n/12 (1 \OMS/txsy/m/n/12 ^^@ \OML/txmi/m/it/12 p
[]\OT1/txr/m/n/12 )
 []


Overfull \hbox (6.3206pt too wide) detected at line 702
[]
 []

File: ./figs/fxgraph.eps Graphic file (type eps)
<./figs/fxgraph.eps>
File: ./figs/varope.eps Graphic file (type eps)
 <./figs/varope.eps>
Overfull \hbox (29.5127pt too wide) detected at line 766
[]
 []

[6]
File: ./figs/ber.eps Graphic file (type eps)
 <./figs/ber.eps> [7]
File: ./figs/qpsk.eps Graphic file (type eps)
 <./figs/qpsk.eps>
Underfull \hbox (badness 10000) in paragraph at lines 838--838
 \OT1/txr/m/it/12 C. Ap-prox-i-mated LLR's for 8-PSK Map-ping
 []

File: ./figs/8psk.eps Graphic file (type eps)
<./figs/8psk.eps> [8]
Underfull \vbox (badness 5147) has occurred while \output is active []

 [9]
File: ./figs/8PSK1.eps Graphic file (type eps)

<./figs/8PSK1.eps>
File: ./figs/8PSK1.eps Graphic file (type eps)
 <./figs/8PSK1.eps>
File: ./figs/QPSK1.eps Graphic file (type eps)
 <./figs/QPSK1.eps>
File: ./figs/Different_timeoffsets_snrvsber.eps Graphic file (type eps)

<./figs/Different_timeoffsets_snrvsber.eps>
File: ./figs/frequency_best.eps Graphic file (type eps)
 <./figs/frequency_best.eps>
File: ./figs/frequencyestiamtion_best_error_vs_snr.eps Graphic file (type eps)

<./figs/frequencyestiamtion_best_error_vs_snr.eps>
File: ./figs/Phase_error_with_respect_to_pilots.eps Graphic file (type eps)

<./figs/Phase_error_with_respect_to_pilots.eps> [10]
File: ./figs/Phase_error_with_respect_to_SNR_fixed_pilot.eps Graphic file (type
 eps)

<./figs/Phase_error_with_respect_to_SNR_fixed_pilot.eps>
File: ./figs/Convergence_of_Digital_AGC.eps Graphic file (type eps)

<./figs/Convergence_of_Digital_AGC.eps>
File: ./figs/framesync.eps Graphic file (type eps)
 <./figs/framesync.eps> (./NCC_2020.bbl
[11]
Underfull \hbox (badness 10000) in paragraph at lines 31--33
[]\OT1/txr/m/n/9 R.Gallager, ``Low-density par-ity check codes,'' \OT1/txr/m/it
/9 IRE
 []

) [12] (./NCC_2020.aux)

LaTeX Warning: There were multiply-defined labels.

 ) 
Here is how much of TeX's memory you used:
 17641 strings out of 492624
 336041 string characters out of 6119216
 392466 words of memory out of 5000000
 21187 multiletter control sequences out of 15000+600000
 68385 words of font info for 173 fonts, out of 8000000 for 9000
 1144 hyphenation exceptions out of 8191
 55i,19n,48p,417b,991s stack positions out of 5000i,500n,10000p,200000b,80000s

Output written on NCC_2020.dvi (12 pages, 77916 bytes).
