This is pdfTeX, Version 3.14159265-2.6-1.40.19 (TeX Live 2018/Termux) (preloaded format=latex 2018.11.30)  5 APR 2019 14:55
entering extended mode
 restricted \write18 enabled.
 %&-line parsing enabled.
**Theresh_timesync.tex
(./Theresh_timesync.tex
LaTeX2e <2018-04-01> patch level 2
Babel <3.18> and hyphenation patterns for 3 language(s) loaded.

(/data/data/com.termux/files/usr/share/texlive/texmf-dist/tex/latex/IEEEtran/IE
EEtran.cls
Document Class: IEEEtran 2015/08/26 V1.8b by Michael Shell
-- See the "IEEEtran_HOWTO" manual for usage information.
-- http://www.michaelshell.org/tex/ieeetran/
\@IEEEtrantmpdimenA=\dimen102
\@IEEEtrantmpdimenB=\dimen103
\@IEEEtrantmpdimenC=\dimen104
\@IEEEtrantmpcountA=\count80
\@IEEEtrantmpcountB=\count81
\@IEEEtrantmpcountC=\count82
\@IEEEtrantmptoksA=\toks14
LaTeX Font Info:    Try loading font information for OT1+ptm on input line 503.


(/data/data/com.termux/files/usr/share/texlive/texmf-dist/tex/latex/psnfss/ot1p
tm.fd
File: ot1ptm.fd 2001/06/04 font definitions for OT1/ptm.
)
-- Using 8.5in x 11in (letter) paper.
-- Using DVI output.
\@IEEEnormalsizeunitybaselineskip=\dimen105
-- This is a 12 point document.
\CLASSINFOnormalsizebaselineskip=\dimen106
\CLASSINFOnormalsizeunitybaselineskip=\dimen107
\IEEEnormaljot=\dimen108
LaTeX Font Info:    Font shape `OT1/ptm/bx/n' in size <6> not available
(Font)              Font shape `OT1/ptm/b/n' tried instead on input line 1090.
LaTeX Font Info:    Font shape `OT1/ptm/bx/it' in size <6> not available
(Font)              Font shape `OT1/ptm/b/it' tried instead on input line 1090.

LaTeX Font Info:    Font shape `OT1/ptm/bx/n' in size <8> not available
(Font)              Font shape `OT1/ptm/b/n' tried instead on input line 1090.
LaTeX Font Info:    Font shape `OT1/ptm/bx/it' in size <8> not available
(Font)              Font shape `OT1/ptm/b/it' tried instead on input line 1090.

LaTeX Font Info:    Font shape `OT1/ptm/bx/n' in size <9> not available
(Font)              Font shape `OT1/ptm/b/n' tried instead on input line 1090.
LaTeX Font Info:    Font shape `OT1/ptm/bx/it' in size <9> not available
(Font)              Font shape `OT1/ptm/b/it' tried instead on input line 1090.

LaTeX Font Info:    Font shape `OT1/ptm/bx/n' in size <10> not available
(Font)              Font shape `OT1/ptm/b/n' tried instead on input line 1090.
LaTeX Font Info:    Font shape `OT1/ptm/bx/it' in size <10> not available
(Font)              Font shape `OT1/ptm/b/it' tried instead on input line 1090.

LaTeX Font Info:    Font shape `OT1/ptm/bx/n' in size <12> not available
(Font)              Font shape `OT1/ptm/b/n' tried instead on input line 1090.
LaTeX Font Info:    Font shape `OT1/ptm/bx/it' in size <12> not available
(Font)              Font shape `OT1/ptm/b/it' tried instead on input line 1090.

LaTeX Font Info:    Font shape `OT1/ptm/bx/n' in size <14> not available
(Font)              Font shape `OT1/ptm/b/n' tried instead on input line 1090.
LaTeX Font Info:    Font shape `OT1/ptm/bx/it' in size <14> not available
(Font)              Font shape `OT1/ptm/b/it' tried instead on input line 1090.

LaTeX Font Info:    Font shape `OT1/ptm/bx/n' in size <20> not available
(Font)              Font shape `OT1/ptm/b/n' tried instead on input line 1090.
LaTeX Font Info:    Font shape `OT1/ptm/bx/it' in size <20> not available
(Font)              Font shape `OT1/ptm/b/it' tried instead on input line 1090.

LaTeX Font Info:    Font shape `OT1/ptm/bx/n' in size <22> not available
(Font)              Font shape `OT1/ptm/b/n' tried instead on input line 1090.
LaTeX Font Info:    Font shape `OT1/ptm/bx/it' in size <22> not available
(Font)              Font shape `OT1/ptm/b/it' tried instead on input line 1090.

LaTeX Font Info:    Font shape `OT1/ptm/bx/n' in size <24> not available
(Font)              Font shape `OT1/ptm/b/n' tried instead on input line 1090.
LaTeX Font Info:    Font shape `OT1/ptm/bx/it' in size <24> not available
(Font)              Font shape `OT1/ptm/b/it' tried instead on input line 1090.

\IEEEquantizedlength=\dimen109
\IEEEquantizedlengthdiff=\dimen110
\IEEEquantizedtextheightdiff=\dimen111
\IEEEilabelindentA=\dimen112
\IEEEilabelindentB=\dimen113
\IEEEilabelindent=\dimen114
\IEEEelabelindent=\dimen115
\IEEEdlabelindent=\dimen116
\IEEElabelindent=\dimen117
\IEEEiednormlabelsep=\dimen118
\IEEEiedmathlabelsep=\dimen119
\IEEEiedtopsep=\skip41
\c@section=\count83
\c@subsection=\count84
\c@subsubsection=\count85
\c@paragraph=\count86
\c@IEEEsubequation=\count87
\abovecaptionskip=\skip42
\belowcaptionskip=\skip43
\c@figure=\count88
\c@table=\count89
\@IEEEeqnnumcols=\count90
\@IEEEeqncolcnt=\count91
\@IEEEsubeqnnumrollback=\count92
\@IEEEquantizeheightA=\dimen120
\@IEEEquantizeheightB=\dimen121
\@IEEEquantizeheightC=\dimen122
\@IEEEquantizeprevdepth=\dimen123
\@IEEEquantizemultiple=\count93
\@IEEEquantizeboxA=\box26
\@IEEEtmpitemindent=\dimen124
\IEEEPARstartletwidth=\dimen125
\c@IEEEbiography=\count94
\@IEEEtranrubishbin=\box27
)
(/data/data/com.termux/files/usr/share/texlive/texmf-dist/tex/latex/setspace/se
tspace.sty
Package: setspace 2011/12/19 v6.7a set line spacing
)
(/data/data/com.termux/files/usr/share/texlive/texmf-dist/tex/latex/was/gensymb
.sty
Package: gensymb 2003/07/02 v1.0 (WaS)
)
(/data/data/com.termux/files/usr/share/texlive/texmf-dist/tex/latex/xcolor/xcol
or.sty
Package: xcolor 2016/05/11 v2.12 LaTeX color extensions (UK)

(/data/data/com.termux/files/usr/share/texlive/texmf-dist/tex/latex/graphics-cf
g/color.cfg
File: color.cfg 2016/01/02 v1.6 sample color configuration
)
Package xcolor Info: Driver file: dvips.def on input line 225.

(/data/data/com.termux/files/usr/share/texlive/texmf-dist/tex/latex/graphics-de
f/dvips.def
File: dvips.def 2017/06/20 v3.1d Graphics/color driver for dvips
)
Package xcolor Info: Model `cmy' substituted by `cmy0' on input line 1348.
Package xcolor Info: Model `RGB' extended on input line 1364.
Package xcolor Info: Model `HTML' substituted by `rgb' on input line 1366.
Package xcolor Info: Model `Hsb' substituted by `hsb' on input line 1367.
Package xcolor Info: Model `tHsb' substituted by `hsb' on input line 1368.
Package xcolor Info: Model `HSB' substituted by `hsb' on input line 1369.
Package xcolor Info: Model `Gray' substituted by `gray' on input line 1370.
Package xcolor Info: Model `wave' substituted by `hsb' on input line 1371.
)
(/data/data/com.termux/files/usr/share/texlive/texmf-dist/tex/latex/caption/cap
tion.sty
Package: caption 2018/10/06 v3.3-154 Customizing captions (AR)

(/data/data/com.termux/files/usr/share/texlive/texmf-dist/tex/latex/caption/cap
tion3.sty
Package: caption3 2018/09/12 v1.8c caption3 kernel (AR)
Package caption3 Info: TeX engine: e-TeX on input line 64.

(/data/data/com.termux/files/usr/share/texlive/texmf-dist/tex/latex/graphics/ke
yval.sty
Package: keyval 2014/10/28 v1.15 key=value parser (DPC)
\KV@toks@=\toks15
)
\captionmargin=\dimen126
\captionmargin@=\dimen127
\captionwidth=\dimen128
\caption@tempdima=\dimen129
\caption@indent=\dimen130
\caption@parindent=\dimen131
\caption@hangindent=\dimen132
Package caption Info: Unknown document class (or package),
(caption)             standard defaults will be used.
)

Package caption Warning: Unsupported document class (or package) detected,
(caption)                usage of the caption package is not recommended.
See the caption package documentation for explanation.

Package caption Info: \@makecaption = \long macro:#1#2->\ifx \@captype \@IEEEta
blestring \footnotesize \bgroup \par \centering \@IEEEtabletopskipstrut {\norma
lfont \footnotesize #1}\\{\normalfont \footnotesize \scshape #2}\par \addvspace
 {0.5\baselineskip }\egroup \@IEEEtablecaptionsepspace \else \@IEEEfigurecaptio
nsepspace \setbox \@tempboxa \hbox {\normalfont \footnotesize {#1.}\nobreakspac
e \nobreakspace #2}\ifdim \wd \@tempboxa >\hsize \setbox \@tempboxa \hbox {\nor
malfont \footnotesize {#1.}\nobreakspace \nobreakspace }\parbox [t]{\hsize }{\n
ormalfont \footnotesize \noindent \unhbox \@tempboxa #2}\else \ifCLASSOPTIONcon
ference \hbox to\hsize {\normalfont \footnotesize \hfil \box \@tempboxa \hfil }
\else \hbox to\hsize {\normalfont \footnotesize \box \@tempboxa \hfil }\fi \fi 
\fi .
\c@caption@flags=\count95
\c@ContinuedFloat=\count96
)
(/data/data/com.termux/files/usr/share/texlive/texmf-dist/tex/latex/graphics/gr
aphicx.sty
Package: graphicx 2017/06/01 v1.1a Enhanced LaTeX Graphics (DPC,SPQR)

(/data/data/com.termux/files/usr/share/texlive/texmf-dist/tex/latex/graphics/gr
aphics.sty
Package: graphics 2017/06/25 v1.2c Standard LaTeX Graphics (DPC,SPQR)

(/data/data/com.termux/files/usr/share/texlive/texmf-dist/tex/latex/graphics/tr
ig.sty
Package: trig 2016/01/03 v1.10 sin cos tan (DPC)
)
(/data/data/com.termux/files/usr/share/texlive/texmf-dist/tex/latex/graphics-cf
g/graphics.cfg
File: graphics.cfg 2016/06/04 v1.11 sample graphics configuration
)
Package graphics Info: Driver file: dvips.def on input line 99.
)
\Gin@req@height=\dimen133
\Gin@req@width=\dimen134
)
(/data/data/com.termux/files/usr/share/texlive/texmf-dist/tex/latex/amsmath/ams
math.sty
Package: amsmath 2017/09/02 v2.17a AMS math features
\@mathmargin=\skip44

For additional information on amsmath, use the `?' option.

(/data/data/com.termux/files/usr/share/texlive/texmf-dist/tex/latex/amsmath/ams
text.sty
Package: amstext 2000/06/29 v2.01 AMS text

(/data/data/com.termux/files/usr/share/texlive/texmf-dist/tex/latex/amsmath/ams
gen.sty
File: amsgen.sty 1999/11/30 v2.0 generic functions
\@emptytoks=\toks16
\ex@=\dimen135
))
(/data/data/com.termux/files/usr/share/texlive/texmf-dist/tex/latex/amsmath/ams
bsy.sty
Package: amsbsy 1999/11/29 v1.2d Bold Symbols
\pmbraise@=\dimen136
)
(/data/data/com.termux/files/usr/share/texlive/texmf-dist/tex/latex/amsmath/ams
opn.sty
Package: amsopn 2016/03/08 v2.02 operator names
)
\inf@bad=\count97
LaTeX Info: Redefining \frac on input line 213.
\uproot@=\count98
\leftroot@=\count99
LaTeX Info: Redefining \overline on input line 375.
\classnum@=\count100
\DOTSCASE@=\count101
LaTeX Info: Redefining \ldots on input line 472.
LaTeX Info: Redefining \dots on input line 475.
LaTeX Info: Redefining \cdots on input line 596.
\Mathstrutbox@=\box28
\strutbox@=\box29
\big@size=\dimen137
LaTeX Font Info:    Redeclaring font encoding OML on input line 712.
LaTeX Font Info:    Redeclaring font encoding OMS on input line 713.
\macc@depth=\count102
\c@MaxMatrixCols=\count103
\dotsspace@=\muskip10
\c@parentequation=\count104
\dspbrk@lvl=\count105
\tag@help=\toks17
\row@=\count106
\column@=\count107
\maxfields@=\count108
\andhelp@=\toks18
\eqnshift@=\dimen138
\alignsep@=\dimen139
\tagshift@=\dimen140
\tagwidth@=\dimen141
\totwidth@=\dimen142
\lineht@=\dimen143
\@envbody=\toks19
\multlinegap=\skip45
\multlinetaggap=\skip46
\mathdisplay@stack=\toks20
LaTeX Info: Redefining \[ on input line 2817.
LaTeX Info: Redefining \] on input line 2818.
)
(/data/data/com.termux/files/usr/share/texlive/texmf-dist/tex/latex/mathtools/m
athtools.sty
Package: mathtools 2018/01/08 v1.21 mathematical typesetting tools

(/data/data/com.termux/files/usr/share/texlive/texmf-dist/tex/latex/tools/calc.
sty
Package: calc 2017/05/25 v4.3 Infix arithmetic (KKT,FJ)
\calc@Acount=\count109
\calc@Bcount=\count110
\calc@Adimen=\dimen144
\calc@Bdimen=\dimen145
\calc@Askip=\skip47
\calc@Bskip=\skip48
LaTeX Info: Redefining \setlength on input line 80.
LaTeX Info: Redefining \addtolength on input line 81.
\calc@Ccount=\count111
\calc@Cskip=\skip49
)
(/data/data/com.termux/files/usr/share/texlive/texmf-dist/tex/latex/mathtools/m
hsetup.sty
Package: mhsetup 2017/03/31 v1.3 programming setup (MH)
)
LaTeX Info: Thecontrolsequence`\('isalreadyrobust on input line 129.
LaTeX Info: Thecontrolsequence`\)'isalreadyrobust on input line 129.
LaTeX Info: Thecontrolsequence`\['isalreadyrobust on input line 129.
LaTeX Info: Thecontrolsequence`\]'isalreadyrobust on input line 129.
\g_MT_multlinerow_int=\count112
\l_MT_multwidth_dim=\dimen146
\origjot=\skip50
\l_MT_shortvdotswithinadjustabove_dim=\dimen147
\l_MT_shortvdotswithinadjustbelow_dim=\dimen148
\l_MT_above_intertext_sep=\dimen149
\l_MT_below_intertext_sep=\dimen150
\l_MT_above_shortintertext_sep=\dimen151
\l_MT_below_shortintertext_sep=\dimen152
)
(/data/data/com.termux/files/usr/share/texlive/texmf-dist/tex/latex/wasysym/was
ysym.sty
Package: wasysym 2003/10/30 v2.0 Wasy-2 symbol support package
\symwasy=\mathgroup4
LaTeX Font Info:    Overwriting symbol font `wasy' in version `bold'
(Font)                  U/wasy/m/n --> U/wasy/b/n on input line 90.
)
(/data/data/com.termux/files/usr/share/texlive/texmf-dist/tex/latex/amscls/amst
hm.sty
Package: amsthm 2017/10/31 v2.20.4
\thm@style=\toks21
\thm@bodyfont=\toks22
\thm@headfont=\toks23
\thm@notefont=\toks24
\thm@headpunct=\toks25
\thm@preskip=\skip51
\thm@postskip=\skip52
\thm@headsep=\skip53
\dth@everypar=\toks26
)
(/data/data/com.termux/files/usr/share/texlive/texmf-dist/tex/latex/jknapltx/ma
thrsfs.sty
Package: mathrsfs 1996/01/01 Math RSFS package v1.0 (jk)
\symrsfs=\mathgroup5
)
(/data/data/com.termux/files/usr/share/texlive/texmf-dist/tex/latex/txfonts/txf
onts.sty
Package: txfonts 2008/01/22 v3.2.1
LaTeX Font Info:    Redeclaring symbol font `operators' on input line 21.
LaTeX Font Info:    Overwriting symbol font `operators' in version `normal'
(Font)                  OT1/cmr/m/n --> OT1/txr/m/n on input line 21.
LaTeX Font Info:    Overwriting symbol font `operators' in version `bold'
(Font)                  OT1/cmr/bx/n --> OT1/txr/m/n on input line 21.
LaTeX Font Info:    Overwriting symbol font `operators' in version `bold'
(Font)                  OT1/txr/m/n --> OT1/txr/bx/n on input line 22.
\symitalic=\mathgroup6
LaTeX Font Info:    Overwriting symbol font `italic' in version `bold'
(Font)                  OT1/txr/m/it --> OT1/txr/bx/it on input line 26.
LaTeX Font Info:    Redeclaring math alphabet \mathbf on input line 29.
LaTeX Font Info:    Overwriting math alphabet `\mathbf' in version `normal'
(Font)                  OT1/cmr/bx/n --> OT1/txr/bx/n on input line 29.
LaTeX Font Info:    Overwriting math alphabet `\mathbf' in version `bold'
(Font)                  OT1/cmr/bx/n --> OT1/txr/bx/n on input line 29.
LaTeX Font Info:    Redeclaring math alphabet \mathit on input line 30.
LaTeX Font Info:    Overwriting math alphabet `\mathit' in version `normal'
(Font)                  OT1/cmr/m/it --> OT1/txr/m/it on input line 30.
LaTeX Font Info:    Overwriting math alphabet `\mathit' in version `bold'
(Font)                  OT1/cmr/bx/it --> OT1/txr/m/it on input line 30.
LaTeX Font Info:    Overwriting math alphabet `\mathit' in version `bold'
(Font)                  OT1/txr/m/it --> OT1/txr/bx/it on input line 31.
LaTeX Font Info:    Redeclaring math alphabet \mathsf on input line 40.
LaTeX Font Info:    Overwriting math alphabet `\mathsf' in version `normal'
(Font)                  OT1/cmss/m/n --> OT1/txss/m/n on input line 40.
LaTeX Font Info:    Overwriting math alphabet `\mathsf' in version `bold'
(Font)                  OT1/cmss/bx/n --> OT1/txss/m/n on input line 40.
LaTeX Font Info:    Overwriting math alphabet `\mathsf' in version `bold'
(Font)                  OT1/txss/m/n --> OT1/txss/b/n on input line 41.
LaTeX Font Info:    Redeclaring math alphabet \mathtt on input line 50.
LaTeX Font Info:    Overwriting math alphabet `\mathtt' in version `normal'
(Font)                  OT1/cmtt/m/n --> OT1/txtt/m/n on input line 50.
LaTeX Font Info:    Overwriting math alphabet `\mathtt' in version `bold'
(Font)                  OT1/cmtt/m/n --> OT1/txtt/m/n on input line 50.
LaTeX Font Info:    Overwriting math alphabet `\mathtt' in version `bold'
(Font)                  OT1/txtt/m/n --> OT1/txtt/b/n on input line 51.
LaTeX Font Info:    Redeclaring symbol font `letters' on input line 58.
LaTeX Font Info:    Overwriting symbol font `letters' in version `normal'
(Font)                  OML/cmm/m/it --> OML/txmi/m/it on input line 58.
LaTeX Font Info:    Overwriting symbol font `letters' in version `bold'
(Font)                  OML/cmm/b/it --> OML/txmi/m/it on input line 58.
LaTeX Font Info:    Overwriting symbol font `letters' in version `bold'
(Font)                  OML/txmi/m/it --> OML/txmi/bx/it on input line 59.
\symlettersA=\mathgroup7
LaTeX Font Info:    Overwriting symbol font `lettersA' in version `bold'
(Font)                  U/txmia/m/it --> U/txmia/bx/it on input line 67.
LaTeX Font Info:    Redeclaring symbol font `symbols' on input line 77.
LaTeX Font Info:    Overwriting symbol font `symbols' in version `normal'
(Font)                  OMS/cmsy/m/n --> OMS/txsy/m/n on input line 77.
LaTeX Font Info:    Overwriting symbol font `symbols' in version `bold'
(Font)                  OMS/cmsy/b/n --> OMS/txsy/m/n on input line 77.
LaTeX Font Info:    Overwriting symbol font `symbols' in version `bold'
(Font)                  OMS/txsy/m/n --> OMS/txsy/bx/n on input line 78.
\symAMSa=\mathgroup8
LaTeX Font Info:    Overwriting symbol font `AMSa' in version `bold'
(Font)                  U/txsya/m/n --> U/txsya/bx/n on input line 94.
\symAMSb=\mathgroup9
LaTeX Font Info:    Overwriting symbol font `AMSb' in version `bold'
(Font)                  U/txsyb/m/n --> U/txsyb/bx/n on input line 103.
\symsymbolsC=\mathgroup10
LaTeX Font Info:    Overwriting symbol font `symbolsC' in version `bold'
(Font)                  U/txsyc/m/n --> U/txsyc/bx/n on input line 113.
LaTeX Font Info:    Redeclaring symbol font `largesymbols' on input line 120.
LaTeX Font Info:    Overwriting symbol font `largesymbols' in version `normal'
(Font)                  OMX/cmex/m/n --> OMX/txex/m/n on input line 120.
LaTeX Font Info:    Overwriting symbol font `largesymbols' in version `bold'
(Font)                  OMX/cmex/m/n --> OMX/txex/m/n on input line 120.
LaTeX Font Info:    Overwriting symbol font `largesymbols' in version `bold'
(Font)                  OMX/txex/m/n --> OMX/txex/bx/n on input line 121.
\symlargesymbolsA=\mathgroup11
LaTeX Font Info:    Overwriting symbol font `largesymbolsA' in version `bold'
(Font)                  U/txexa/m/n --> U/txexa/bx/n on input line 129.
LaTeX Info: Redefining \not on input line 1043.
LaTeX Info: Redefining \textsquare on input line 1063.
LaTeX Info: Redefining \openbox on input line 1064.
)
(/data/data/com.termux/files/usr/share/texlive/texmf-dist/tex/latex/sttools/stf
loats.sty
Package: stfloats 2017/03/27 v3.3 Improve float mechanism and baselineskip sett
ings
\@dblbotnum=\count113
\c@dblbotnumber=\count114
)
(/data/data/com.termux/files/usr/share/texlive/texmf-dist/tex/latex/cite/cite.s
ty
LaTeX Info: Redefining \cite on input line 302.
LaTeX Info: Redefining \nocite on input line 332.
Package: cite 2015/02/27  v 5.5
)
(/data/data/com.termux/files/usr/share/texlive/texmf-dist/tex/latex/cases/cases
.sty
Package: cases 2002/05/02 ver 2.5 
)
(/data/data/com.termux/files/usr/share/texlive/texmf-dist/tex/latex/subfig/subf
ig.sty
Package: subfig 2005/06/28 ver: 1.3 subfig package
\c@KVtest=\count115
\sf@farskip=\skip54
\sf@captopadj=\dimen153
\sf@capskip=\skip55
\sf@nearskip=\skip56
\c@subfigure=\count116
\c@subfigure@save=\count117
\c@lofdepth=\count118
\c@subtable=\count119
\c@subtable@save=\count120
\c@lotdepth=\count121
\sf@top=\skip57
\sf@bottom=\skip58
)
(/data/data/com.termux/files/usr/share/texlive/texmf-dist/tex/latex/tools/enume
rate.sty
Package: enumerate 2015/07/23 v3.00 enumerate extensions (DPC)
\@enLab=\toks27
)
(/data/data/com.termux/files/usr/share/texlive/texmf-dist/tex/latex/enumitem/en
umitem.sty
Package: enumitem 2011/09/28 v3.5.2 Customized lists
\labelindent=\skip59
\enit@outerparindent=\dimen154
\enit@toks=\toks28
\enit@inbox=\box30
\enitdp@description=\count122
)
(/data/data/com.termux/files/usr/share/texlive/texmf-dist/tex/latex/tools/longt
able.sty
Package: longtable 2014/10/28 v4.11 Multi-page Table package (DPC)
\LTleft=\skip60
\LTright=\skip61
\LTpre=\skip62
\LTpost=\skip63
\LTchunksize=\count123
\LTcapwidth=\dimen155
\LT@head=\box31
\LT@firsthead=\box32
\LT@foot=\box33
\LT@lastfoot=\box34
\LT@cols=\count124
\LT@rows=\count125
\c@LT@tables=\count126
\c@LT@chunks=\count127
\LT@p@ftn=\toks29
)
(/data/data/com.termux/files/usr/share/texlive/texmf-dist/tex/latex/multirow/mu
ltirow.sty
Package: multirow 2018/08/03 v2.3 Span multiple rows of a table
\multirow@colwidth=\skip64
\multirow@cntb=\count128
\multirow@dima=\skip65
\bigstrutjot=\dimen156
)
(/data/data/com.termux/files/usr/share/texlive/texmf-dist/tex/latex/listings/li
stings.sty
\lst@mode=\count129
\lst@gtempboxa=\box35
\lst@token=\toks30
\lst@length=\count130
\lst@currlwidth=\dimen157
\lst@column=\count131
\lst@pos=\count132
\lst@lostspace=\dimen158
\lst@width=\dimen159
\lst@newlines=\count133
\lst@lineno=\count134
\lst@maxwidth=\dimen160

(/data/data/com.termux/files/usr/share/texlive/texmf-dist/tex/latex/listings/ls
tmisc.sty
File: lstmisc.sty 2018/09/02 1.7 (Carsten Heinz)
\c@lstnumber=\count135
\lst@skipnumbers=\count136
\lst@framebox=\box36
)
(/data/data/com.termux/files/usr/share/texlive/texmf-dist/tex/latex/listings/li
stings.cfg
File: listings.cfg 2018/09/02 1.7 listings configuration
))
Package: listings 2018/09/02 1.7 (Carsten Heinz)

(/data/data/com.termux/files/usr/share/texlive/texmf-dist/tex/latex/base/inpute
nc.sty
Package: inputenc 2018/04/06 v1.3b Input encoding file
\inpenc@prehook=\toks31
\inpenc@posthook=\toks32

(/data/data/com.termux/files/usr/share/texlive/texmf-dist/tex/latex/base/latin1
.def
File: latin1.def 2018/04/06 v1.3b Input encoding file
))
(/data/data/com.termux/files/usr/share/texlive/texmf-dist/tex/latex/tools/array
.sty
Package: array 2018/04/07 v2.4g Tabular extension package (FMi)
\col@sep=\dimen161
\ar@mcellbox=\box37
\extrarowheight=\dimen162
\NC@list=\toks33
\extratabsurround=\skip66
\backup@length=\skip67
\ar@cellbox=\box38
)
(/data/data/com.termux/files/usr/share/texlive/texmf-dist/tex/latex/tools/hhlin
e.sty
Package: hhline 2014/10/28 v2.03 Table rule package (DPC)
)
(/data/data/com.termux/files/usr/share/texlive/texmf-dist/tex/latex/base/ifthen
.sty
Package: ifthen 2014/09/29 v1.1c Standard LaTeX ifthen package (DPC)
)
(/data/data/com.termux/files/usr/share/texlive/texmf-dist/tex/latex/graphics/ls
cape.sty
Package: lscape 2000/10/22 v3.01 Landscape Pages (DPC)
)
(/data/data/com.termux/files/usr/share/texlive/texmf-dist/tex/latex/listings/ls
tlang1.sty
File: lstlang1.sty 2018/09/02 1.7 listings language file
)
(/data/data/com.termux/files/usr/share/texlive/texmf-dist/tex/latex/listings/ls
tmisc.sty
File: lstmisc.sty 2018/09/02 1.7 (Carsten Heinz)
) (./Theresh_timesync.aux)
\openout1 = `Theresh_timesync.aux'.

LaTeX Font Info:    Checking defaults for OML/txmi/m/it on input line 112.
LaTeX Font Info:    Try loading font information for OML+txmi on input line 112
.

(/data/data/com.termux/files/usr/share/texlive/texmf-dist/tex/latex/txfonts/oml
txmi.fd
File: omltxmi.fd 2000/12/15 v3.1
)
LaTeX Font Info:    ... okay on input line 112.
LaTeX Font Info:    Checking defaults for T1/cmr/m/n on input line 112.
LaTeX Font Info:    ... okay on input line 112.
LaTeX Font Info:    Checking defaults for OT1/cmr/m/n on input line 112.
LaTeX Font Info:    ... okay on input line 112.
LaTeX Font Info:    Checking defaults for OMS/txsy/m/n on input line 112.
LaTeX Font Info:    Try loading font information for OMS+txsy on input line 112
.

(/data/data/com.termux/files/usr/share/texlive/texmf-dist/tex/latex/txfonts/oms
txsy.fd
File: omstxsy.fd 2000/12/15 v3.1
)
LaTeX Font Info:    ... okay on input line 112.
LaTeX Font Info:    Checking defaults for OMX/txex/m/n on input line 112.
LaTeX Font Info:    Try loading font information for OMX+txex on input line 112
.

(/data/data/com.termux/files/usr/share/texlive/texmf-dist/tex/latex/txfonts/omx
txex.fd
File: omxtxex.fd 2000/12/15 v3.1
)
LaTeX Font Info:    ... okay on input line 112.
LaTeX Font Info:    Checking defaults for U/txexa/m/n on input line 112.
LaTeX Font Info:    Try loading font information for U+txexa on input line 112.


(/data/data/com.termux/files/usr/share/texlive/texmf-dist/tex/latex/txfonts/utx
exa.fd
File: utxexa.fd 2000/12/15 v3.1
)
LaTeX Font Info:    ... okay on input line 112.
LaTeX Font Info:    Try loading font information for OT1+txr on input line 112.


(/data/data/com.termux/files/usr/share/texlive/texmf-dist/tex/latex/txfonts/ot1
txr.fd
File: ot1txr.fd 2000/12/15 v3.1
)
-- Lines per column: 50 (exact).
LaTeX Info: Redefining \celsius on input line 112.
Package gensymb Info: Faking symbols for \degree and \celsius on input line 112
.

Package gensymb Warning: Not defining \perthousand.

LaTeX Info: Redefining \ohm on input line 112.
Package gensymb Info: Using \Omega for \ohm on input line 112.

Package gensymb Warning: Not defining \micro.

Package caption Info: Begin \AtBeginDocument code.
Package caption Info: subfig package v1.3 is loaded.
Package caption Info: listings package is loaded.
Package caption Info: longtable package is loaded.

(/data/data/com.termux/files/usr/share/texlive/texmf-dist/tex/latex/caption/ltc
aption.sty
Package: ltcaption 2018/08/26 v1.4-95 longtable captions (AR)
)
Package caption Info: End \AtBeginDocument code.
\c@lstlisting=\count137
\c@theorem=\count138
\c@problem=\count139
\c@proposition=\count140
\c@lemma=\count141
\c@example=\count142
\c@definition=\count143
\c@rem=\count144
LaTeX Font Info:    Calculating math sizes for size <14> on input line 224.
LaTeX Font Info:    Try loading font information for U+wasy on input line 224.

(/data/data/com.termux/files/usr/share/texlive/texmf-dist/tex/latex/wasysym/uwa
sy.fd
File: uwasy.fd 2003/10/30 v2.0 Wasy-2 symbol font definitions
)
LaTeX Font Info:    Try loading font information for U+rsfs on input line 224.

(/data/data/com.termux/files/usr/share/texlive/texmf-dist/tex/latex/jknapltx/ur
sfs.fd
File: ursfs.fd 1998/03/24 rsfs font definition file (jk)
)
LaTeX Font Info:    Try loading font information for U+txmia on input line 224.


(/data/data/com.termux/files/usr/share/texlive/texmf-dist/tex/latex/txfonts/utx
mia.fd
File: utxmia.fd 2000/12/15 v3.1
)
LaTeX Font Info:    Try loading font information for U+txsya on input line 224.


(/data/data/com.termux/files/usr/share/texlive/texmf-dist/tex/latex/txfonts/utx
sya.fd
File: utxsya.fd 2000/12/15 v3.1
)
LaTeX Font Info:    Try loading font information for U+txsyb on input line 224.


(/data/data/com.termux/files/usr/share/texlive/texmf-dist/tex/latex/txfonts/utx
syb.fd
File: utxsyb.fd 2000/12/15 v3.1
)
LaTeX Font Info:    Try loading font information for U+txsyc on input line 224.


(/data/data/com.termux/files/usr/share/texlive/texmf-dist/tex/latex/txfonts/utx
syc.fd
File: utxsyc.fd 2000/12/15 v3.1
) (./Theresh_timesync.toc)
\tf@toc=\write3
\openout3 = `Theresh_timesync.toc'.

File: ./figs/Different_timeoffsets_snrvsber.eps Graphic file (type eps)
 <./figs/Different_timeoffsets_snrvsber.eps>
Overfull \hbox (84.80322pt too wide) in paragraph at lines 290--291
[][] 
 []

File: ./figs/frequency_best.eps Graphic file (type eps)
<./figs/frequency_best.eps>
Underfull \vbox (badness 1087) has occurred while \output is active []

 [1


]
File: ./figs/frequencyestiamtion_best_error_vs_snr.eps Graphic file (type eps)

<./figs/frequencyestiamtion_best_error_vs_snr.eps>
File: ./figs/Phase_error_with_respect_to_pilots.eps Graphic file (type eps)

<./figs/Phase_error_with_respect_to_pilots.eps>
File: ./figs/Phase_error_with_respect_to_SNR_fixed_pilot.eps Graphic file (type
 eps)

<./figs/Phase_error_with_respect_to_SNR_fixed_pilot.eps> [2] [3

]
(./Theresh_timesync.aux) ) 
Here is how much of TeX's memory you used:
 7932 strings out of 494591
 120534 string characters out of 6176027
 395772 words of memory out of 5000000
 11431 multiletter control sequences out of 15000+600000
 62210 words of font info for 151 fonts, out of 8000000 for 9000
 17 hyphenation exceptions out of 8191
 36i,9n,49p,239b,1102s stack positions out of 5000i,500n,10000p,200000b,80000s

Output written on Theresh_timesync.dvi (3 pages, 12288 bytes).
